#
# There is insufficient memory for the Java Runtime Environment to continue.
# Native memory allocation (mmap) failed to map 65536 bytes for Failed to commit metaspace.
# Possible reasons:
#   The system is out of physical RAM or swap space
#   The process is running with CompressedOops enabled, and the Java Heap may be blocking the growth of the native heap
# Possible solutions:
#   Reduce memory load on the system
#   Increase physical memory or swap space
#   Check if swap backing store is full
#   Decrease Java heap size (-Xmx/-Xms)
#   Decrease number of Java threads
#   Decrease Java thread stack sizes (-Xss)
#   Set larger code cache with -XX:ReservedCodeCacheSize=
#   JVM is running with Zero Based Compressed Oops mode in which the Java heap is
#     placed in the first 32GB address space. The Java Heap base address is the
#     maximum limit for the native heap growth. Please use -XX:HeapBaseMinAddress
#     to set the Java Heap base and to place the Java Heap above 32GB virtual address.
# This output file may be truncated or incomplete.
#
#  Out of Memory Error (virtualSpaceNode.cpp:108), pid=16068, tid=17068
#
# JRE version: OpenJDK Runtime Environment (16.0.1+9) (build 16.0.1+9-24)
# Java VM: OpenJDK 64-Bit Server VM (16.0.1+9-24, mixed mode, tiered, compressed oops, compressed class ptrs, g1 gc, windows-amd64)
# No core dump will be written. Minidumps are not enabled by default on client versions of Windows
#

---------------  S U M M A R Y ------------

Command Line: -Dcom.sun.management.jmxremote -Dcom.sun.management.jmxremote.port=24537 -Dcom.sun.management.jmxremote.authenticate=false -Dcom.sun.management.jmxremote.ssl=false -Djava.rmi.server.hostname=localhost -Dspring.jmx.enabled=true -Dspring.application.admin.enabled=true -XX:TieredStopAtLevel=1 -Dspring.boot.project.name=Curso-JavaWeb -Dfile.encoding=UTF-8 -XX:+ShowCodeDetailsInExceptionMessages com.example.couse.CursoJavaWebApplication --spring.output.ansi.enabled=always

Host: Intel(R) Core(TM) i5-7200U CPU @ 2.50GHz, 4 cores, 11G,  Windows 10 , 64 bit Build 19041 (10.0.19041.1023)
Time: Sat Jul 10 11:08:12 2021 Hora Padrão de Buenos Aires elapsed time: 1.242530 seconds (0d 0h 0m 1s)

---------------  T H R E A D  ---------------

Current thread (0x000002155efbc520):  JavaThread "RMI Scheduler(1)" daemon [_thread_in_vm, id=17068, stack(0x000000342b500000,0x000000342b600000)]

Stack: [0x000000342b500000,0x000000342b600000]
Native frames: (J=compiled Java code, j=interpreted, Vv=VM code, C=native code)
V  [jvm.dll+0x6687ca]
V  [jvm.dll+0x7ca3c9]
V  [jvm.dll+0x7cbb53]
V  [jvm.dll+0x7cc1b3]
V  [jvm.dll+0x242ea5]
V  [jvm.dll+0x7c6a4b]
V  [jvm.dll+0x60e436]
V  [jvm.dll+0x60e49a]
V  [jvm.dll+0x610aca]
V  [jvm.dll+0x60ed31]
V  [jvm.dll+0x24090c]
V  [jvm.dll+0x6bf62d]
V  [jvm.dll+0x6c004f]
V  [jvm.dll+0x367673]
V  [jvm.dll+0x3668a2]
V  [jvm.dll+0x366848]
V  [jvm.dll+0x5560c5]
V  [jvm.dll+0x5551fd]
V  [jvm.dll+0x379fde]
V  [jvm.dll+0x37961f]
C  0x000002154552b12c

Java frames: (J=compiled Java code, j=interpreted, Vv=VM code)
j  java.time.Duration.<clinit>()V+15 java.base@16.0.1
v  ~StubRoutines::call_stub
j  java.time.temporal.ChronoUnit.<clinit>()V+10 java.base@16.0.1
v  ~StubRoutines::call_stub
j  java.util.concurrent.TimeUnit$1.<clinit>()V+0 java.base@16.0.1
v  ~StubRoutines::call_stub
j  java.util.concurrent.TimeUnit.convert(JLjava/util/concurrent/TimeUnit;)J+0 java.base@16.0.1
j  java.util.concurrent.ScheduledThreadPoolExecutor$ScheduledFutureTask.getDelay(Ljava/util/concurrent/TimeUnit;)J+12 java.base@16.0.1
j  java.util.concurrent.ScheduledThreadPoolExecutor$DelayedWorkQueue.take()Ljava/util/concurrent/RunnableScheduledFuture;+36 java.base@16.0.1
j  java.util.concurrent.ScheduledThreadPoolExecutor$DelayedWorkQueue.take()Ljava/lang/Object;+1 java.base@16.0.1
j  java.util.concurrent.ThreadPoolExecutor.getTask()Ljava/lang/Runnable;+147 java.base@16.0.1
j  java.util.concurrent.ThreadPoolExecutor.runWorker(Ljava/util/concurrent/ThreadPoolExecutor$Worker;)V+26 java.base@16.0.1
j  java.util.concurrent.ThreadPoolExecutor$Worker.run()V+5 java.base@16.0.1
j  java.lang.Thread.run()V+11 java.base@16.0.1
v  ~StubRoutines::call_stub

---------------  P R O C E S S  ---------------

Threads class SMR info:
_java_thread_list=0x000002155efc14d0, length=17, elements={
0x0000021541fafa90, 0x000002155e412370, 0x000002155e413800, 0x000002155e421fe0,
0x000002155e4228f0, 0x000002155e425210, 0x000002155e425b20, 0x000002155e426430,
0x000002155db7ea10, 0x000002155e516000, 0x000002155e5cdf80, 0x000002155ec18300,
0x000002155ec18b20, 0x000002155ec25c20, 0x000002155efd3c60, 0x000002155efbc520,
0x000002155efdcd30
}

Java Threads: ( => current thread )
  0x0000021541fafa90 JavaThread "main" [_thread_in_vm, id=5588, stack(0x0000003429b00000,0x0000003429c00000)]
  0x000002155e412370 JavaThread "Reference Handler" daemon [_thread_blocked, id=16016, stack(0x000000342a200000,0x000000342a300000)]
  0x000002155e413800 JavaThread "Finalizer" daemon [_thread_blocked, id=4136, stack(0x000000342a300000,0x000000342a400000)]
  0x000002155e421fe0 JavaThread "Signal Dispatcher" daemon [_thread_blocked, id=13536, stack(0x000000342a400000,0x000000342a500000)]
  0x000002155e4228f0 JavaThread "Attach Listener" daemon [_thread_blocked, id=7628, stack(0x000000342a500000,0x000000342a600000)]
  0x000002155e425210 JavaThread "Service Thread" daemon [_thread_blocked, id=7380, stack(0x000000342a600000,0x000000342a700000)]
  0x000002155e425b20 JavaThread "Monitor Deflation Thread" daemon [_thread_blocked, id=12424, stack(0x000000342a700000,0x000000342a800000)]
  0x000002155e426430 JavaThread "C1 CompilerThread0" daemon [_thread_blocked, id=9584, stack(0x000000342a800000,0x000000342a900000)]
  0x000002155db7ea10 JavaThread "Sweeper thread" daemon [_thread_blocked, id=7796, stack(0x000000342a900000,0x000000342aa00000)]
  0x000002155e516000 JavaThread "Common-Cleaner" daemon [_thread_blocked, id=10060, stack(0x000000342aa00000,0x000000342ab00000)]
  0x000002155e5cdf80 JavaThread "Notification Thread" daemon [_thread_blocked, id=9580, stack(0x000000342ab00000,0x000000342ac00000)]
  0x000002155ec18300 JavaThread "RMI TCP Accept-0" daemon [_thread_in_native, id=15412, stack(0x000000342ac00000,0x000000342ad00000)]
  0x000002155ec18b20 JavaThread "RMI TCP Accept-24537" daemon [_thread_in_native, id=7496, stack(0x000000342ad00000,0x000000342ae00000)]
  0x000002155ec25c20 JavaThread "RMI TCP Accept-0" daemon [_thread_in_native, id=6308, stack(0x000000342ae00000,0x000000342af00000)]
  0x000002155efd3c60 JavaThread "RMI TCP Connection(2)-127.0.0.1" daemon [_thread_in_vm, id=9008, stack(0x000000342b600000,0x000000342b700000)]
=>0x000002155efbc520 JavaThread "RMI Scheduler(1)" daemon [_thread_in_vm, id=17068, stack(0x000000342b500000,0x000000342b600000)]
  0x000002155efdcd30 JavaThread "RMI TCP Connection(3)-127.0.0.1" daemon [_thread_in_native, id=2432, stack(0x000000342b700000,0x000000342b800000)]

Other Threads:
  0x000002155db57f50 VMThread "VM Thread" [stack: 0x000000342a100000,0x000000342a200000] [id=664]
  0x0000021541fb0760 WatcherThread [stack: 0x000000342af00000,0x000000342b000000] [id=4072]
  0x0000021541ff1440 GCTaskThread "GC Thread#0" [stack: 0x0000003429c00000,0x0000003429d00000] [id=5024]
  0x0000021541fb0a50 GCTaskThread "GC Thread#1" [stack: 0x000000342b000000,0x000000342b100000] [id=17368]
  0x000002155ec324e0 GCTaskThread "GC Thread#2" [stack: 0x000000342b100000,0x000000342b200000] [id=12080]
  0x000002155ec89040 GCTaskThread "GC Thread#3" [stack: 0x000000342b200000,0x000000342b300000] [id=12880]
  0x0000021541ffe180 ConcurrentGCThread "G1 Main Marker" [stack: 0x0000003429d00000,0x0000003429e00000] [id=13420]
  0x0000021541ffea20 ConcurrentGCThread "G1 Conc#0" [stack: 0x0000003429e00000,0x0000003429f00000] [id=11564]
  0x000002154207ec10 ConcurrentGCThread "G1 Refine#0" [stack: 0x0000003429f00000,0x000000342a000000] [id=5836]
  0x000002155ecaede0 ConcurrentGCThread "G1 Refine#1" [stack: 0x000000342b300000,0x000000342b400000] [id=10232]
  0x000002155ecaf940 ConcurrentGCThread "G1 Refine#2" [stack: 0x000000342b400000,0x000000342b500000] [id=11008]
  0x000002155d9a0980 ConcurrentGCThread "G1 Service" [stack: 0x000000342a000000,0x000000342a100000] [id=15940]

Threads with active compile tasks:

VM state: not at safepoint (normal execution)

VM Mutex/Monitor currently owned by a thread:  ([mutex/lock_event])
[0x0000021541faa160] MetaspaceExpand_lock - owner thread: 0x000002155efbc520

OutOfMemory and StackOverflow Exception counts:
OutOfMemoryError java_heap_errors=2
LinkageErrors=17

Heap address: 0x0000000741a00000, size: 3046 MB, Compressed Oops mode: Zero based, Oop shift amount: 3

CDS disabled.
Compressed class space mapped at: 0x0000000800000000-0x0000000840000000, reserved size: 1073741824
Narrow klass base: 0x0000000800000000, Narrow klass shift: 0, Narrow klass range: 0x40000000

GC Precious Log:
 CPUs: 4 total, 4 available
 Memory: 12177M
 Large Page Support: Disabled
 NUMA Support: Disabled
 Compressed Oops: Enabled (Zero based)
 Heap Region Size: 2M
 Heap Min Capacity: 8M
 Heap Initial Capacity: 192M
 Heap Max Capacity: 3046M
 Pre-touch: Disabled
 Parallel Workers: 4
 Concurrent Workers: 1
 Concurrent Refinement Workers: 4
 Periodic GC: Disabled

Heap:
 garbage-first heap   total 196608K, used 11748K [0x0000000741a00000, 0x0000000800000000)
  region size 2048K, 5 young (10240K), 1 survivors (2048K)
 Metaspace       used 14875K, committed 14976K, reserved 1064960K
  class space    used 1538K, committed 1600K, reserved 1048576K

Heap Regions: E=young(eden), S=young(survivor), O=old, HS=humongous(starts), HC=humongous(continues), CS=collection set, F=free, OA=open archive, CA=closed archive, TAMS=top-at-mark-start (previous, next)
|   0|0x0000000741a00000, 0x0000000741c00000, 0x0000000741c00000|100%| O|  |TAMS 0x0000000741a00000, 0x0000000741a00000| Untracked 
|   1|0x0000000741c00000, 0x0000000741d79000, 0x0000000741e00000| 73%| O|  |TAMS 0x0000000741c00000, 0x0000000741c00000| Untracked 
|   2|0x0000000741e00000, 0x0000000741e00000, 0x0000000742000000|  0%| F|  |TAMS 0x0000000741e00000, 0x0000000741e00000| Untracked 
|   3|0x0000000742000000, 0x0000000742000000, 0x0000000742200000|  0%| F|  |TAMS 0x0000000742000000, 0x0000000742000000| Untracked 
|   4|0x0000000742200000, 0x0000000742200000, 0x0000000742400000|  0%| F|  |TAMS 0x0000000742200000, 0x0000000742200000| Untracked 
|   5|0x0000000742400000, 0x0000000742400000, 0x0000000742600000|  0%| F|  |TAMS 0x0000000742400000, 0x0000000742400000| Untracked 
|   6|0x0000000742600000, 0x0000000742600000, 0x0000000742800000|  0%| F|  |TAMS 0x0000000742600000, 0x0000000742600000| Untracked 
|   7|0x0000000742800000, 0x0000000742800000, 0x0000000742a00000|  0%| F|  |TAMS 0x0000000742800000, 0x0000000742800000| Untracked 
|   8|0x0000000742a00000, 0x0000000742a00000, 0x0000000742c00000|  0%| F|  |TAMS 0x0000000742a00000, 0x0000000742a00000| Untracked 
|   9|0x0000000742c00000, 0x0000000742c00000, 0x0000000742e00000|  0%| F|  |TAMS 0x0000000742c00000, 0x0000000742c00000| Untracked 
|  10|0x0000000742e00000, 0x0000000742e00000, 0x0000000743000000|  0%| F|  |TAMS 0x0000000742e00000, 0x0000000742e00000| Untracked 
|  11|0x0000000743000000, 0x0000000743000000, 0x0000000743200000|  0%| F|  |TAMS 0x0000000743000000, 0x0000000743000000| Untracked 
|  12|0x0000000743200000, 0x0000000743200000, 0x0000000743400000|  0%| F|  |TAMS 0x0000000743200000, 0x0000000743200000| Untracked 
|  13|0x0000000743400000, 0x0000000743400000, 0x0000000743600000|  0%| F|  |TAMS 0x0000000743400000, 0x0000000743400000| Untracked 
|  14|0x0000000743600000, 0x0000000743600000, 0x0000000743800000|  0%| F|  |TAMS 0x0000000743600000, 0x0000000743600000| Untracked 
|  15|0x0000000743800000, 0x0000000743800000, 0x0000000743a00000|  0%| F|  |TAMS 0x0000000743800000, 0x0000000743800000| Untracked 
|  16|0x0000000743a00000, 0x0000000743a00000, 0x0000000743c00000|  0%| F|  |TAMS 0x0000000743a00000, 0x0000000743a00000| Untracked 
|  17|0x0000000743c00000, 0x0000000743c00000, 0x0000000743e00000|  0%| F|  |TAMS 0x0000000743c00000, 0x0000000743c00000| Untracked 
|  18|0x0000000743e00000, 0x0000000743e00000, 0x0000000744000000|  0%| F|  |TAMS 0x0000000743e00000, 0x0000000743e00000| Untracked 
|  19|0x0000000744000000, 0x0000000744000000, 0x0000000744200000|  0%| F|  |TAMS 0x0000000744000000, 0x0000000744000000| Untracked 
|  20|0x0000000744200000, 0x0000000744200000, 0x0000000744400000|  0%| F|  |TAMS 0x0000000744200000, 0x0000000744200000| Untracked 
|  21|0x0000000744400000, 0x0000000744400000, 0x0000000744600000|  0%| F|  |TAMS 0x0000000744400000, 0x0000000744400000| Untracked 
|  22|0x0000000744600000, 0x0000000744600000, 0x0000000744800000|  0%| F|  |TAMS 0x0000000744600000, 0x0000000744600000| Untracked 
|  23|0x0000000744800000, 0x0000000744800000, 0x0000000744a00000|  0%| F|  |TAMS 0x0000000744800000, 0x0000000744800000| Untracked 
|  24|0x0000000744a00000, 0x0000000744a00000, 0x0000000744c00000|  0%| F|  |TAMS 0x0000000744a00000, 0x0000000744a00000| Untracked 
|  25|0x0000000744c00000, 0x0000000744c00000, 0x0000000744e00000|  0%| F|  |TAMS 0x0000000744c00000, 0x0000000744c00000| Untracked 
|  26|0x0000000744e00000, 0x0000000744e00000, 0x0000000745000000|  0%| F|  |TAMS 0x0000000744e00000, 0x0000000744e00000| Untracked 
|  27|0x0000000745000000, 0x0000000745000000, 0x0000000745200000|  0%| F|  |TAMS 0x0000000745000000, 0x0000000745000000| Untracked 
|  28|0x0000000745200000, 0x0000000745200000, 0x0000000745400000|  0%| F|  |TAMS 0x0000000745200000, 0x0000000745200000| Untracked 
|  29|0x0000000745400000, 0x0000000745400000, 0x0000000745600000|  0%| F|  |TAMS 0x0000000745400000, 0x0000000745400000| Untracked 
|  30|0x0000000745600000, 0x0000000745600000, 0x0000000745800000|  0%| F|  |TAMS 0x0000000745600000, 0x0000000745600000| Untracked 
|  31|0x0000000745800000, 0x0000000745800000, 0x0000000745a00000|  0%| F|  |TAMS 0x0000000745800000, 0x0000000745800000| Untracked 
|  32|0x0000000745a00000, 0x0000000745a00000, 0x0000000745c00000|  0%| F|  |TAMS 0x0000000745a00000, 0x0000000745a00000| Untracked 
|  33|0x0000000745c00000, 0x0000000745c00000, 0x0000000745e00000|  0%| F|  |TAMS 0x0000000745c00000, 0x0000000745c00000| Untracked 
|  34|0x0000000745e00000, 0x0000000745e00000, 0x0000000746000000|  0%| F|  |TAMS 0x0000000745e00000, 0x0000000745e00000| Untracked 
|  35|0x0000000746000000, 0x0000000746000000, 0x0000000746200000|  0%| F|  |TAMS 0x0000000746000000, 0x0000000746000000| Untracked 
|  36|0x0000000746200000, 0x0000000746200000, 0x0000000746400000|  0%| F|  |TAMS 0x0000000746200000, 0x0000000746200000| Untracked 
|  37|0x0000000746400000, 0x0000000746400000, 0x0000000746600000|  0%| F|  |TAMS 0x0000000746400000, 0x0000000746400000| Untracked 
|  38|0x0000000746600000, 0x0000000746600000, 0x0000000746800000|  0%| F|  |TAMS 0x0000000746600000, 0x0000000746600000| Untracked 
|  39|0x0000000746800000, 0x0000000746800000, 0x0000000746a00000|  0%| F|  |TAMS 0x0000000746800000, 0x0000000746800000| Untracked 
|  40|0x0000000746a00000, 0x0000000746a00000, 0x0000000746c00000|  0%| F|  |TAMS 0x0000000746a00000, 0x0000000746a00000| Untracked 
|  41|0x0000000746c00000, 0x0000000746c00000, 0x0000000746e00000|  0%| F|  |TAMS 0x0000000746c00000, 0x0000000746c00000| Untracked 
|  42|0x0000000746e00000, 0x0000000746e00000, 0x0000000747000000|  0%| F|  |TAMS 0x0000000746e00000, 0x0000000746e00000| Untracked 
|  43|0x0000000747000000, 0x0000000747000000, 0x0000000747200000|  0%| F|  |TAMS 0x0000000747000000, 0x0000000747000000| Untracked 
|  44|0x0000000747200000, 0x0000000747200000, 0x0000000747400000|  0%| F|  |TAMS 0x0000000747200000, 0x0000000747200000| Untracked 
|  45|0x0000000747400000, 0x0000000747400000, 0x0000000747600000|  0%| F|  |TAMS 0x0000000747400000, 0x0000000747400000| Untracked 
|  46|0x0000000747600000, 0x0000000747600000, 0x0000000747800000|  0%| F|  |TAMS 0x0000000747600000, 0x0000000747600000| Untracked 
|  47|0x0000000747800000, 0x0000000747800000, 0x0000000747a00000|  0%| F|  |TAMS 0x0000000747800000, 0x0000000747800000| Untracked 
|  48|0x0000000747a00000, 0x0000000747a00000, 0x0000000747c00000|  0%| F|  |TAMS 0x0000000747a00000, 0x0000000747a00000| Untracked 
|  49|0x0000000747c00000, 0x0000000747c00000, 0x0000000747e00000|  0%| F|  |TAMS 0x0000000747c00000, 0x0000000747c00000| Untracked 
|  50|0x0000000747e00000, 0x0000000747e00000, 0x0000000748000000|  0%| F|  |TAMS 0x0000000747e00000, 0x0000000747e00000| Untracked 
|  51|0x0000000748000000, 0x0000000748000000, 0x0000000748200000|  0%| F|  |TAMS 0x0000000748000000, 0x0000000748000000| Untracked 
|  52|0x0000000748200000, 0x0000000748200000, 0x0000000748400000|  0%| F|  |TAMS 0x0000000748200000, 0x0000000748200000| Untracked 
|  53|0x0000000748400000, 0x0000000748400000, 0x0000000748600000|  0%| F|  |TAMS 0x0000000748400000, 0x0000000748400000| Untracked 
|  54|0x0000000748600000, 0x0000000748600000, 0x0000000748800000|  0%| F|  |TAMS 0x0000000748600000, 0x0000000748600000| Untracked 
|  55|0x0000000748800000, 0x0000000748800000, 0x0000000748a00000|  0%| F|  |TAMS 0x0000000748800000, 0x0000000748800000| Untracked 
|  56|0x0000000748a00000, 0x0000000748a00000, 0x0000000748c00000|  0%| F|  |TAMS 0x0000000748a00000, 0x0000000748a00000| Untracked 
|  57|0x0000000748c00000, 0x0000000748c00000, 0x0000000748e00000|  0%| F|  |TAMS 0x0000000748c00000, 0x0000000748c00000| Untracked 
|  58|0x0000000748e00000, 0x0000000748e00000, 0x0000000749000000|  0%| F|  |TAMS 0x0000000748e00000, 0x0000000748e00000| Untracked 
|  59|0x0000000749000000, 0x0000000749000000, 0x0000000749200000|  0%| F|  |TAMS 0x0000000749000000, 0x0000000749000000| Untracked 
|  60|0x0000000749200000, 0x0000000749200000, 0x0000000749400000|  0%| F|  |TAMS 0x0000000749200000, 0x0000000749200000| Untracked 
|  61|0x0000000749400000, 0x0000000749400000, 0x0000000749600000|  0%| F|  |TAMS 0x0000000749400000, 0x0000000749400000| Untracked 
|  62|0x0000000749600000, 0x0000000749600000, 0x0000000749800000|  0%| F|  |TAMS 0x0000000749600000, 0x0000000749600000| Untracked 
|  63|0x0000000749800000, 0x0000000749800000, 0x0000000749a00000|  0%| F|  |TAMS 0x0000000749800000, 0x0000000749800000| Untracked 
|  64|0x0000000749a00000, 0x0000000749a00000, 0x0000000749c00000|  0%| F|  |TAMS 0x0000000749a00000, 0x0000000749a00000| Untracked 
|  65|0x0000000749c00000, 0x0000000749c00000, 0x0000000749e00000|  0%| F|  |TAMS 0x0000000749c00000, 0x0000000749c00000| Untracked 
|  66|0x0000000749e00000, 0x0000000749e00000, 0x000000074a000000|  0%| F|  |TAMS 0x0000000749e00000, 0x0000000749e00000| Untracked 
|  67|0x000000074a000000, 0x000000074a000000, 0x000000074a200000|  0%| F|  |TAMS 0x000000074a000000, 0x000000074a000000| Untracked 
|  68|0x000000074a200000, 0x000000074a200000, 0x000000074a400000|  0%| F|  |TAMS 0x000000074a200000, 0x000000074a200000| Untracked 
|  69|0x000000074a400000, 0x000000074a400000, 0x000000074a600000|  0%| F|  |TAMS 0x000000074a400000, 0x000000074a400000| Untracked 
|  70|0x000000074a600000, 0x000000074a600000, 0x000000074a800000|  0%| F|  |TAMS 0x000000074a600000, 0x000000074a600000| Untracked 
|  71|0x000000074a800000, 0x000000074a800000, 0x000000074aa00000|  0%| F|  |TAMS 0x000000074a800000, 0x000000074a800000| Untracked 
|  72|0x000000074aa00000, 0x000000074aa00000, 0x000000074ac00000|  0%| F|  |TAMS 0x000000074aa00000, 0x000000074aa00000| Untracked 
|  73|0x000000074ac00000, 0x000000074ac00000, 0x000000074ae00000|  0%| F|  |TAMS 0x000000074ac00000, 0x000000074ac00000| Untracked 
|  74|0x000000074ae00000, 0x000000074ae00000, 0x000000074b000000|  0%| F|  |TAMS 0x000000074ae00000, 0x000000074ae00000| Untracked 
|  75|0x000000074b000000, 0x000000074b000000, 0x000000074b200000|  0%| F|  |TAMS 0x000000074b000000, 0x000000074b000000| Untracked 
|  76|0x000000074b200000, 0x000000074b200000, 0x000000074b400000|  0%| F|  |TAMS 0x000000074b200000, 0x000000074b200000| Untracked 
|  77|0x000000074b400000, 0x000000074b400000, 0x000000074b600000|  0%| F|  |TAMS 0x000000074b400000, 0x000000074b400000| Untracked 
|  78|0x000000074b600000, 0x000000074b600000, 0x000000074b800000|  0%| F|  |TAMS 0x000000074b600000, 0x000000074b600000| Untracked 
|  79|0x000000074b800000, 0x000000074b800000, 0x000000074ba00000|  0%| F|  |TAMS 0x000000074b800000, 0x000000074b800000| Untracked 
|  80|0x000000074ba00000, 0x000000074ba00000, 0x000000074bc00000|  0%| F|  |TAMS 0x000000074ba00000, 0x000000074ba00000| Untracked 
|  81|0x000000074bc00000, 0x000000074bc00000, 0x000000074be00000|  0%| F|  |TAMS 0x000000074bc00000, 0x000000074bc00000| Untracked 
|  82|0x000000074be00000, 0x000000074be00000, 0x000000074c000000|  0%| F|  |TAMS 0x000000074be00000, 0x000000074be00000| Untracked 
|  83|0x000000074c000000, 0x000000074c000000, 0x000000074c200000|  0%| F|  |TAMS 0x000000074c000000, 0x000000074c000000| Untracked 
|  84|0x000000074c200000, 0x000000074c200000, 0x000000074c400000|  0%| F|  |TAMS 0x000000074c200000, 0x000000074c200000| Untracked 
|  85|0x000000074c400000, 0x000000074c400000, 0x000000074c600000|  0%| F|  |TAMS 0x000000074c400000, 0x000000074c400000| Untracked 
|  86|0x000000074c600000, 0x000000074c600000, 0x000000074c800000|  0%| F|  |TAMS 0x000000074c600000, 0x000000074c600000| Untracked 
|  87|0x000000074c800000, 0x000000074c800000, 0x000000074ca00000|  0%| F|  |TAMS 0x000000074c800000, 0x000000074c800000| Untracked 
|  88|0x000000074ca00000, 0x000000074ca00000, 0x000000074cc00000|  0%| F|  |TAMS 0x000000074ca00000, 0x000000074ca00000| Untracked 
|  89|0x000000074cc00000, 0x000000074ce00000, 0x000000074ce00000|100%| S|CS|TAMS 0x000000074cc00000, 0x000000074cc00000| Complete 
|  90|0x000000074ce00000, 0x000000074ce00000, 0x000000074d000000|  0%| F|  |TAMS 0x000000074ce00000, 0x000000074ce00000| Untracked 
|  91|0x000000074d000000, 0x000000074d000000, 0x000000074d200000|  0%| F|  |TAMS 0x000000074d000000, 0x000000074d000000| Untracked 
|  92|0x000000074d200000, 0x000000074d400000, 0x000000074d400000|100%| E|  |TAMS 0x000000074d200000, 0x000000074d200000| Complete 
|  93|0x000000074d400000, 0x000000074d600000, 0x000000074d600000|100%| E|CS|TAMS 0x000000074d400000, 0x000000074d400000| Complete 
|  94|0x000000074d600000, 0x000000074d800000, 0x000000074d800000|100%| E|CS|TAMS 0x000000074d600000, 0x000000074d600000| Complete 
|  95|0x000000074d800000, 0x000000074da00000, 0x000000074da00000|100%| E|CS|TAMS 0x000000074d800000, 0x000000074d800000| Complete 

Card table byte_map: [0x0000021554b10000,0x0000021555110000] _byte_map_base: 0x0000021551103000

Marking Bits (Prev, Next): (CMBitMap*) 0x0000021541ff18e0, (CMBitMap*) 0x0000021541ff1920
 Prev Bits: [0x0000021555710000, 0x00000215586a8000)
 Next Bits: [0x00000215586b0000, 0x000002155b648000)

Polling page: 0x0000021541780000

Metaspace:

Usage:
  Non-class:     13.02 MB used.
      Class:      1.50 MB used.
       Both:     14.53 MB used.

Virtual space:
  Non-class space:       16.00 MB reserved,      13.06 MB ( 82%) committed,  2 nodes.
      Class space:        1.00 GB reserved,       1.56 MB ( <1%) committed,  1 nodes.
              Both:        1.02 GB reserved,      14.62 MB (  1%) committed. 

Chunk freelists:
   Non-Class:  2.38 MB
       Class:  2.45 MB
        Both:  4.82 MB

MaxMetaspaceSize: 17179869184.00 GB
CompressedClassSpaceSize: 1.00 GB
 - commit_granule_bytes: 65536.
 - commit_granule_words: 8192.
 - virtual_space_node_default_size: 1048576.
 - enlarge_chunks_in_place: 1.
 - new_chunks_are_fully_committed: 0.
 - uncommit_free_chunks: 1.
 - use_allocation_guard: 0.
 - handle_deallocations: 1.


Internal statistics:

num_allocs_failed_limit: 0.
num_arena_births: 130.
num_arena_deaths: 0.
num_vsnodes_births: 3.
num_vsnodes_deaths: 0.
num_space_committed: 234.
num_space_uncommitted: 0.
num_chunks_returned_to_freelist: 0.
num_chunks_taken_from_freelist: 242.
num_chunk_merges: 0.
num_chunk_splits: 143.
num_chunks_enlarged: 92.
num_purges: 0.

CodeHeap 'non-profiled nmethods': size=238912Kb used=1714Kb max_used=1714Kb free=237198Kb
 bounds [0x0000021545bc0000, 0x0000021545e30000, 0x0000021554510000]
CodeHeap 'non-nmethods': size=6848Kb used=1154Kb max_used=1154Kb free=5693Kb
 bounds [0x0000021545510000, 0x0000021545780000, 0x0000021545bc0000]
 total_blobs=1635 nmethods=1192 adapters=371
 compilation: enabled
              stopped_count=0, restarted_count=0
 full_count=0

Compilation events (20 events):
Event: 1.210 Thread 0x000002155e426430 1183       1       java.lang.ref.ReferenceQueue::<init> (21 bytes)
Event: 1.210 Thread 0x000002155e426430 nmethod 1183 0x0000021545d68510 code [0x0000021545d686a0, 0x0000021545d68818]
Event: 1.210 Thread 0x000002155e426430 1184       1       java.lang.ref.ReferenceQueue$Lock::<init> (5 bytes)
Event: 1.210 Thread 0x000002155e426430 nmethod 1184 0x0000021545d68890 code [0x0000021545d68a20, 0x0000021545d68ad8]
Event: 1.211 Thread 0x000002155e426430 1185       1       java.io.WinNTFileSystem::resolve (275 bytes)
Event: 1.214 Thread 0x000002155e426430 nmethod 1185 0x0000021545d68b90 code [0x0000021545d68ea0, 0x0000021545d69eb8]
Event: 1.215 Thread 0x000002155e426430 1186       1       java.lang.Class::getComponentType (14 bytes)
Event: 1.216 Thread 0x000002155e426430 nmethod 1186 0x0000021545d6aa90 code [0x0000021545d6ac40, 0x0000021545d6ad68]
Event: 1.216 Thread 0x000002155e426430 1187       1       java.util.concurrent.locks.AbstractOwnableSynchronizer::setExclusiveOwnerThread (6 bytes)
Event: 1.216 Thread 0x000002155e426430 nmethod 1187 0x0000021545d6ae10 code [0x0000021545d6afa0, 0x0000021545d6b0b8]
Event: 1.216 Thread 0x000002155e426430 1188       1       sun.reflect.generics.parser.SignatureParser::skipIdentifier (67 bytes)
Event: 1.216 Thread 0x000002155e426430 nmethod 1188 0x0000021545d6b110 code [0x0000021545d6b2e0, 0x0000021545d6b4a8]
Event: 1.216 Thread 0x000002155e426430 1189       1       java.util.Objects::hashCode (13 bytes)
Event: 1.216 Thread 0x000002155e426430 nmethod 1189 0x0000021545d6b610 code [0x0000021545d6b7c0, 0x0000021545d6b8c8]
Event: 1.217 Thread 0x000002155e426430 1190       1       jdk.internal.org.objectweb.asm.Frame::merge (317 bytes)
Event: 1.217 Thread 0x000002155e426430 nmethod 1190 0x0000021545d6b990 code [0x0000021545d6bb80, 0x0000021545d6c028]
Event: 1.219 Thread 0x000002155e426430 1191       1       java.util.logging.LogManager::getProperty (9 bytes)
Event: 1.219 Thread 0x000002155e426430 nmethod 1191 0x0000021545d6c210 code [0x0000021545d6c3c0, 0x0000021545d6c4a8]
Event: 1.219 Thread 0x000002155e426430 1192       1       java.util.ArrayList::isEmpty (13 bytes)
Event: 1.219 Thread 0x000002155e426430 nmethod 1192 0x0000021545d6c510 code [0x0000021545d6c6a0, 0x0000021545d6c778]

GC Heap History (2 events):
Event: 0.890 GC heap before
{Heap before GC invocations=0 (full 0):
 garbage-first heap   total 196608K, used 10240K [0x0000000741a00000, 0x0000000800000000)
  region size 2048K, 6 young (12288K), 0 survivors (0K)
 Metaspace       used 12185K, committed 12416K, reserved 1064960K
  class space    used 1227K, committed 1344K, reserved 1048576K
}
Event: 0.896 GC heap after
{Heap after GC invocations=1 (full 0):
 garbage-first heap   total 196608K, used 5604K [0x0000000741a00000, 0x0000000800000000)
  region size 2048K, 1 young (2048K), 1 survivors (2048K)
 Metaspace       used 12185K, committed 12416K, reserved 1064960K
  class space    used 1227K, committed 1344K, reserved 1048576K
}

Deoptimization events (0 events):
No events

Classes unloaded (0 events):
No events

Classes redefined (0 events):
No events

Internal exceptions (20 events):
Event: 0.483 Thread 0x0000021541fafa90 Exception <a 'java/lang/NoSuchMethodError'{0x000000074d292168}: 'java.lang.Object java.lang.invoke.DirectMethodHandle$Holder.invokeInterface(java.lang.Object, java.lang.Object)'> (0x000000074d292168) 
thrown [t:\workspace\open\src\hotspot\share\interpreter\linkResolver.cpp, line 790]
Event: 0.484 Thread 0x0000021541fafa90 Exception <a 'java/lang/NoSuchMethodError'{0x000000074d29a578}: 'java.lang.Object java.lang.invoke.DirectMethodHandle$Holder.invokeStaticInit(java.lang.Object, java.lang.Object, java.lang.Object)'> (0x000000074d29a578) 
thrown [t:\workspace\open\src\hotspot\share\interpreter\linkResolver.cpp, line 790]
Event: 0.490 Thread 0x0000021541fafa90 Exception <a 'java/lang/NoSuchMethodError'{0x000000074d2b7930}: 'int java.lang.invoke.DirectMethodHandle$Holder.invokeInterface(java.lang.Object, java.lang.Object)'> (0x000000074d2b7930) 
thrown [t:\workspace\open\src\hotspot\share\interpreter\linkResolver.cpp, line 790]
Event: 0.491 Thread 0x0000021541fafa90 Exception <a 'java/lang/IncompatibleClassChangeError'{0x000000074d2bb380}: Found class java.lang.Object, but interface was expected> (0x000000074d2bb380) 
thrown [t:\workspace\open\src\hotspot\share\interpreter\linkResolver.cpp, line 857]
Event: 0.492 Thread 0x0000021541fafa90 Exception <a 'java/lang/NoSuchMethodError'{0x000000074d2c11d0}: 'void java.lang.invoke.DirectMethodHandle$Holder.invokeStatic(java.lang.Object, java.lang.Object)'> (0x000000074d2c11d0) 
thrown [t:\workspace\open\src\hotspot\share\interpreter\linkResolver.cpp, line 790]
Event: 0.567 Thread 0x0000021541fafa90 Exception <a 'java/lang/NoSuchMethodError'{0x000000074d390c38}: 'int java.lang.invoke.DirectMethodHandle$Holder.invokeSpecial(java.lang.Object, java.lang.Object, java.lang.Object)'> (0x000000074d390c38) 
thrown [t:\workspace\open\src\hotspot\share\interpreter\linkResolver.cpp, line 790]
Event: 0.637 Thread 0x0000021541fafa90 Exception <a 'java/lang/NoSuchMethodError'{0x000000074d062660}: 'void java.lang.invoke.DirectMethodHandle$Holder.invokeStatic(java.lang.Object, java.lang.Object, java.lang.Object)'> (0x000000074d062660) 
thrown [t:\workspace\open\src\hotspot\share\interpreter\linkResolver.cpp, line 790]
Event: 0.685 Thread 0x0000021541fafa90 Exception <a 'java/lang/NoSuchMethodError'{0x000000074d0c2578}: 'int java.lang.invoke.DirectMethodHandle$Holder.invokeSpecialIFC(java.lang.Object, java.lang.Object, java.lang.Object)'> (0x000000074d0c2578) 
thrown [t:\workspace\open\src\hotspot\share\interpreter\linkResolver.cpp, line 790]
Event: 0.724 Thread 0x0000021541fafa90 Exception <a 'java/lang/NoSuchMethodError'{0x000000074d139948}: 'java.lang.Object java.lang.invoke.DirectMethodHandle$Holder.invokeStaticInit(java.lang.Object, int, int, int, int)'> (0x000000074d139948) 
thrown [t:\workspace\open\src\hotspot\share\interpreter\linkResolver.cpp, line 790]
Event: 0.779 Thread 0x0000021541fafa90 Exception <a 'java/lang/NoSuchMethodError'{0x000000074ce00d10}: 'java.lang.Object java.lang.invoke.DirectMethodHandle$Holder.invokeStaticInit(java.lang.Object, java.lang.Object, int, int, int, int)'> (0x000000074ce00d10) 
thrown [t:\workspace\open\src\hotspot\share\interpreter\linkResolver.cpp, line 790]
Event: 0.800 Thread 0x0000021541fafa90 Exception <a 'java/lang/ClassNotFoundException'{0x000000074ce1cb48}: javax/management/remote/rmi/RMIServerImpl_Skel> (0x000000074ce1cb48) 
thrown [t:\workspace\open\src\hotspot\share\classfile\systemDictionary.cpp, line 256]
Event: 0.867 Thread 0x0000021541fafa90 Exception <a 'java/lang/ClassNotFoundException'{0x000000074cf640b0}: jdk/internal/agent/resources/spi/agentProvider> (0x000000074cf640b0) 
thrown [t:\workspace\open\src\hotspot\share\classfile\systemDictionary.cpp, line 256]
Event: 0.984 Thread 0x0000021541fafa90 Exception <a 'java/lang/ClassNotFoundException'{0x000000074d9caa80}: javax/smartcardio/CardPermission> (0x000000074d9caa80) 
thrown [t:\workspace\open\src\hotspot\share\classfile\systemDictionary.cpp, line 256]
Event: 0.989 Thread 0x0000021541fafa90 Exception <a 'java/io/FileNotFoundException'{0x000000074d9d9fc8}> (0x000000074d9d9fc8) 
thrown [t:\workspace\open\src\hotspot\share\prims\jni.cpp, line 579]
Event: 1.151 Thread 0x0000021541fafa90 Exception <a 'java/lang/NoSuchMethodError'{0x000000074d5e02c0}: 'java.lang.Object java.lang.invoke.DirectMethodHandle$Holder.invokeSpecialIFC(java.lang.Object, java.lang.Object, java.lang.Object, java.lang.Object)'> (0x000000074d5e02c0) 
thrown [t:\workspace\open\src\hotspot\share\interpreter\linkResolver.cpp, line 790]
Event: 1.164 Thread 0x0000021541fafa90 Exception <a 'java/lang/NoSuchMethodError'{0x000000074d21e8c8}: 'int java.lang.invoke.DirectMethodHandle$Holder.invokeVirtual(java.lang.Object, java.lang.Object, java.lang.Object)'> (0x000000074d21e8c8) 
thrown [t:\workspace\open\src\hotspot\share\interpreter\linkResolver.cpp, line 790]
Event: 1.185 Thread 0x0000021541fafa90 Exception <a 'java/lang/NoSuchMethodError'{0x000000074d2da6e0}: 'int java.lang.invoke.DirectMethodHandle$Holder.invokeStaticInit(java.lang.Object, java.lang.Object)'> (0x000000074d2da6e0) 
thrown [t:\workspace\open\src\hotspot\share\interpreter\linkResolver.cpp, line 790]
Event: 1.186 Thread 0x000002155efab8f0 Exception <a 'java/lang/OutOfMemoryError'{0x000000074d2c4320}: unable to create native thread: possibly out of memory or process/resource limits reached> (0x000000074d2c4320) 
thrown [t:\workspace\open\src\hotspot\share\prims\jvm.cpp, line 3104]
Event: 1.186 Thread 0x000002155efab8f0 Exception <a 'java/lang/OutOfMemoryError'{0x000000074d2c4b18}: unable to create native thread: possibly out of memory or process/resource limits reached> (0x000000074d2c4b18) 
thrown [t:\workspace\open\src\hotspot\share\prims\jvm.cpp, line 3104]
Event: 1.202 Thread 0x000002155efd3c60 Exception <a 'java/lang/NoSuchMethodError'{0x000000074d37a600}: static [B.<clinit>()V> (0x000000074d37a600) 
thrown [t:\workspace\open\src\hotspot\share\prims\jni.cpp, line 1210]

Events (20 events):
Event: 1.218 loading class javax/management/remote/rmi/RMIConnectionImpl$2 done
Event: 1.218 loading class com/sun/jmx/remote/util/ClassLoaderWithRepository
Event: 1.218 loading class java/util/concurrent/TimeUnit$1
Event: 1.218 loading class com/sun/jmx/remote/util/ClassLoaderWithRepository done
Event: 1.218 loading class java/util/concurrent/TimeUnit$1 done
Event: 1.218 loading class javax/management/remote/rmi/RMIConnectionImpl$3
Event: 1.218 loading class java/time/temporal/ChronoUnit
Event: 1.218 loading class javax/management/remote/rmi/RMIConnectionImpl$3 done
Event: 1.218 loading class javax/management/remote/rmi/RMIConnectionImpl$CombinedClassLoader
Event: 1.219 loading class javax/management/remote/rmi/RMIConnectionImpl$CombinedClassLoader done
Event: 1.219 loading class java/time/temporal/TemporalUnit
Event: 1.219 loading class javax/management/remote/rmi/RMIConnectionImpl$CombinedClassLoader$ClassLoaderWrapper
Event: 1.219 loading class javax/management/remote/rmi/RMIConnectionImpl$CombinedClassLoader$ClassLoaderWrapper done
Event: 1.219 loading class java/time/temporal/TemporalUnit done
Event: 1.219 loading class javax/management/remote/rmi/RMIConnectionImpl$RMIServerCommunicatorAdmin
Event: 1.219 loading class java/time/temporal/ChronoUnit done
Event: 1.219 loading class com/sun/jmx/remote/internal/ServerCommunicatorAdmin
Event: 1.219 loading class com/sun/jmx/remote/internal/ServerCommunicatorAdmin done
Event: 1.219 loading class javax/management/remote/rmi/RMIConnectionImpl$RMIServerCommunicatorAdmin done
Event: 1.219 loading class java/util/NoSuchElementException


Dynamic libraries:
0x00007ff778250000 - 0x00007ff77825e000 	C:\Users\Suporte TI - ZV\Downloads\sts-4.11.0.RELEASE\plugins\org.eclipse.justj.openjdk.hotspot.jre.full.win32.x86_64_16.0.1.v20210528-1205\jre\bin\javaw.exe
0x00007ff9d1ad0000 - 0x00007ff9d1cc5000 	C:\WINDOWS\SYSTEM32\ntdll.dll
0x00007ff9d1370000 - 0x00007ff9d142d000 	C:\WINDOWS\System32\KERNEL32.DLL
0x00007ff9cf870000 - 0x00007ff9cfb39000 	C:\WINDOWS\System32\KERNELBASE.dll
0x00007ff9cf640000 - 0x00007ff9cf740000 	C:\WINDOWS\System32\ucrtbase.dll
0x00007ff9c9160000 - 0x00007ff9c9178000 	C:\Users\Suporte TI - ZV\Downloads\sts-4.11.0.RELEASE\plugins\org.eclipse.justj.openjdk.hotspot.jre.full.win32.x86_64_16.0.1.v20210528-1205\jre\bin\jli.dll
0x00007ff9d1670000 - 0x00007ff9d1810000 	C:\WINDOWS\System32\USER32.dll
0x00007ff9cf460000 - 0x00007ff9cf482000 	C:\WINDOWS\System32\win32u.dll
0x00007ff9d0970000 - 0x00007ff9d099a000 	C:\WINDOWS\System32\GDI32.dll
0x00007ff9cf350000 - 0x00007ff9cf45b000 	C:\WINDOWS\System32\gdi32full.dll
0x00007ff9cf7a0000 - 0x00007ff9cf83d000 	C:\WINDOWS\System32\msvcp_win.dll
0x00007ff9c4040000 - 0x00007ff9c4059000 	C:\Users\Suporte TI - ZV\Downloads\sts-4.11.0.RELEASE\plugins\org.eclipse.justj.openjdk.hotspot.jre.full.win32.x86_64_16.0.1.v20210528-1205\jre\bin\VCRUNTIME140.dll
0x00007ff9bbd60000 - 0x00007ff9bbffa000 	C:\WINDOWS\WinSxS\amd64_microsoft.windows.common-controls_6595b64144ccf1df_6.0.19041.1083_none_60bbe31371f34e71\COMCTL32.dll
0x00007ff9d1210000 - 0x00007ff9d12ae000 	C:\WINDOWS\System32\msvcrt.dll
0x00007ff9d0710000 - 0x00007ff9d0740000 	C:\WINDOWS\System32\IMM32.DLL
0x00007ff9c82f0000 - 0x00007ff9c82fc000 	C:\Users\Suporte TI - ZV\Downloads\sts-4.11.0.RELEASE\plugins\org.eclipse.justj.openjdk.hotspot.jre.full.win32.x86_64_16.0.1.v20210528-1205\jre\bin\vcruntime140_1.dll
0x00007ff9b4a50000 - 0x00007ff9b4ae1000 	C:\Users\Suporte TI - ZV\Downloads\sts-4.11.0.RELEASE\plugins\org.eclipse.justj.openjdk.hotspot.jre.full.win32.x86_64_16.0.1.v20210528-1205\jre\bin\msvcp140.dll
0x00007ff990830000 - 0x00007ff9913db000 	C:\Users\Suporte TI - ZV\Downloads\sts-4.11.0.RELEASE\plugins\org.eclipse.justj.openjdk.hotspot.jre.full.win32.x86_64_16.0.1.v20210528-1205\jre\bin\server\jvm.dll
0x00007ff9d12b0000 - 0x00007ff9d135c000 	C:\WINDOWS\System32\ADVAPI32.dll
0x00007ff9cfea0000 - 0x00007ff9cff3b000 	C:\WINDOWS\System32\sechost.dll
0x00007ff9d09a0000 - 0x00007ff9d0aca000 	C:\WINDOWS\System32\RPCRT4.dll
0x00007ff9d1360000 - 0x00007ff9d1368000 	C:\WINDOWS\System32\PSAPI.DLL
0x00007ff9bfbe0000 - 0x00007ff9bfc07000 	C:\WINDOWS\SYSTEM32\WINMM.dll
0x00007ff9c9220000 - 0x00007ff9c922a000 	C:\WINDOWS\SYSTEM32\VERSION.dll
0x00007ff9bde40000 - 0x00007ff9bde49000 	C:\WINDOWS\SYSTEM32\WSOCK32.dll
0x00007ff9d1a20000 - 0x00007ff9d1a8b000 	C:\WINDOWS\System32\WS2_32.dll
0x00007ff9cd060000 - 0x00007ff9cd072000 	C:\WINDOWS\SYSTEM32\kernel.appcore.dll
0x00007ff9c91b0000 - 0x00007ff9c91ba000 	C:\Users\Suporte TI - ZV\Downloads\sts-4.11.0.RELEASE\plugins\org.eclipse.justj.openjdk.hotspot.jre.full.win32.x86_64_16.0.1.v20210528-1205\jre\bin\jimage.dll
0x00007ff9c6cf0000 - 0x00007ff9c6ed4000 	C:\WINDOWS\SYSTEM32\DBGHELP.DLL
0x00007ff9c6cc0000 - 0x00007ff9c6cec000 	C:\WINDOWS\SYSTEM32\dbgcore.DLL
0x00007ff9cf2c0000 - 0x00007ff9cf343000 	C:\WINDOWS\System32\bcryptPrimitives.dll
0x00007ff9c4060000 - 0x00007ff9c4085000 	C:\Users\Suporte TI - ZV\Downloads\sts-4.11.0.RELEASE\plugins\org.eclipse.justj.openjdk.hotspot.jre.full.win32.x86_64_16.0.1.v20210528-1205\jre\bin\java.dll
0x00007ff9c4f90000 - 0x00007ff9c4fa8000 	C:\Users\Suporte TI - ZV\Downloads\sts-4.11.0.RELEASE\plugins\org.eclipse.justj.openjdk.hotspot.jre.full.win32.x86_64_16.0.1.v20210528-1205\jre\bin\zip.dll
0x00007ff9d0ad0000 - 0x00007ff9d120f000 	C:\WINDOWS\System32\SHELL32.dll
0x00007ff9cd340000 - 0x00007ff9cdad1000 	C:\WINDOWS\SYSTEM32\windows.storage.dll
0x00007ff9cfb40000 - 0x00007ff9cfe95000 	C:\WINDOWS\System32\combase.dll
0x00007ff9cec80000 - 0x00007ff9cecac000 	C:\WINDOWS\SYSTEM32\Wldp.dll
0x00007ff9d07a0000 - 0x00007ff9d084e000 	C:\WINDOWS\System32\SHCORE.dll
0x00007ff9cff40000 - 0x00007ff9cff95000 	C:\WINDOWS\System32\shlwapi.dll
0x00007ff9cf150000 - 0x00007ff9cf16f000 	C:\WINDOWS\SYSTEM32\profapi.dll
0x00007ff9c3c10000 - 0x00007ff9c3c29000 	C:\Users\Suporte TI - ZV\Downloads\sts-4.11.0.RELEASE\plugins\org.eclipse.justj.openjdk.hotspot.jre.full.win32.x86_64_16.0.1.v20210528-1205\jre\bin\net.dll
0x00007ff9c7790000 - 0x00007ff9c789a000 	C:\WINDOWS\SYSTEM32\WINHTTP.dll
0x00007ff9ce9e0000 - 0x00007ff9cea4a000 	C:\WINDOWS\system32\mswsock.dll
0x00007ff9c17c0000 - 0x00007ff9c17d3000 	C:\Users\Suporte TI - ZV\Downloads\sts-4.11.0.RELEASE\plugins\org.eclipse.justj.openjdk.hotspot.jre.full.win32.x86_64_16.0.1.v20210528-1205\jre\bin\nio.dll
0x00007ff9c8260000 - 0x00007ff9c8269000 	C:\Users\Suporte TI - ZV\Downloads\sts-4.11.0.RELEASE\plugins\org.eclipse.justj.openjdk.hotspot.jre.full.win32.x86_64_16.0.1.v20210528-1205\jre\bin\management.dll
0x00007ff9c8240000 - 0x00007ff9c824b000 	C:\Users\Suporte TI - ZV\Downloads\sts-4.11.0.RELEASE\plugins\org.eclipse.justj.openjdk.hotspot.jre.full.win32.x86_64_16.0.1.v20210528-1205\jre\bin\management_ext.dll
0x00007ff9ab200000 - 0x00007ff9ab217000 	C:\WINDOWS\system32\napinsp.dll
0x00007ff9a2030000 - 0x00007ff9a204b000 	C:\WINDOWS\system32\pnrpnsp.dll
0x00007ff9c9e90000 - 0x00007ff9c9ea5000 	C:\WINDOWS\system32\wshbth.dll
0x00007ff9c7ff0000 - 0x00007ff9c800d000 	C:\WINDOWS\system32\NLAapi.dll
0x00007ff9ce680000 - 0x00007ff9ce6bb000 	C:\WINDOWS\SYSTEM32\IPHLPAPI.DLL
0x00007ff9ce6d0000 - 0x00007ff9ce79c000 	C:\WINDOWS\SYSTEM32\DNSAPI.dll
0x00007ff9cffa0000 - 0x00007ff9cffa8000 	C:\WINDOWS\System32\NSI.dll
0x00007ff9a2010000 - 0x00007ff9a2022000 	C:\WINDOWS\System32\winrnr.dll
0x00007ff9c8a60000 - 0x00007ff9c8a6a000 	C:\Windows\System32\rasadhlp.dll
0x00007ff9c53c0000 - 0x00007ff9c543f000 	C:\WINDOWS\System32\fwpuclnt.dll
0x00007ff9cf840000 - 0x00007ff9cf867000 	C:\WINDOWS\System32\bcrypt.dll
0x00007ff9cebc0000 - 0x00007ff9cebd8000 	C:\WINDOWS\SYSTEM32\CRYPTSP.dll
0x00007ff9ce310000 - 0x00007ff9ce344000 	C:\WINDOWS\system32\rsaenh.dll
0x00007ff9cf0d0000 - 0x00007ff9cf0fe000 	C:\WINDOWS\SYSTEM32\USERENV.dll
0x00007ff9cebe0000 - 0x00007ff9cebec000 	C:\WINDOWS\SYSTEM32\CRYPTBASE.dll
0x00007ff9c87d0000 - 0x00007ff9c87e7000 	C:\WINDOWS\SYSTEM32\dhcpcsvc6.DLL
0x00007ff9c87b0000 - 0x00007ff9c87cd000 	C:\WINDOWS\SYSTEM32\dhcpcsvc.DLL
0x00007ff9c91a0000 - 0x00007ff9c91b0000 	C:\Users\Suporte TI - ZV\Downloads\sts-4.11.0.RELEASE\plugins\org.eclipse.justj.openjdk.hotspot.jre.full.win32.x86_64_16.0.1.v20210528-1205\jre\bin\verify.dll

dbghelp: loaded successfully - version: 4.0.5 - missing functions: none
symbol engine: initialized successfully - sym options: 0x614 - pdb path: .;C:\Users\Suporte TI - ZV\Downloads\sts-4.11.0.RELEASE\plugins\org.eclipse.justj.openjdk.hotspot.jre.full.win32.x86_64_16.0.1.v20210528-1205\jre\bin;C:\WINDOWS\SYSTEM32;C:\WINDOWS\WinSxS\amd64_microsoft.windows.common-controls_6595b64144ccf1df_6.0.19041.1083_none_60bbe31371f34e71;C:\Users\Suporte TI - ZV\Downloads\sts-4.11.0.RELEASE\plugins\org.eclipse.justj.openjdk.hotspot.jre.full.win32.x86_64_16.0.1.v20210528-1205\jre\bin\server

VM Arguments:
jvm_args: -Dcom.sun.management.jmxremote -Dcom.sun.management.jmxremote.port=24537 -Dcom.sun.management.jmxremote.authenticate=false -Dcom.sun.management.jmxremote.ssl=false -Djava.rmi.server.hostname=localhost -Dspring.jmx.enabled=true -Dspring.application.admin.enabled=true -XX:TieredStopAtLevel=1 -Dspring.boot.project.name=Curso-JavaWeb -Dfile.encoding=UTF-8 -XX:+ShowCodeDetailsInExceptionMessages 
java_command: com.example.couse.CursoJavaWebApplication --spring.output.ansi.enabled=always
java_class_path (initial): C:\Users\Suporte TI - ZV\Desktop\Web-Java\Curso-JavaWeb\target\classes;C:\Users\Suporte TI - ZV\.m2\repository\org\springframework\boot\spring-boot-starter-actuator\2.5.2\spring-boot-starter-actuator-2.5.2.jar;C:\Users\Suporte TI - ZV\.m2\repository\org\springframework\boot\spring-boot-starter\2.5.2\spring-boot-starter-2.5.2.jar;C:\Users\Suporte TI - ZV\.m2\repository\org\springframework\boot\spring-boot-starter-logging\2.5.2\spring-boot-starter-logging-2.5.2.jar;C:\Users\Suporte TI - ZV\.m2\repository\ch\qos\logback\logback-classic\1.2.3\logback-classic-1.2.3.jar;C:\Users\Suporte TI - ZV\.m2\repository\ch\qos\logback\logback-core\1.2.3\logback-core-1.2.3.jar;C:\Users\Suporte TI - ZV\.m2\repository\org\apache\logging\log4j\log4j-to-slf4j\2.14.1\log4j-to-slf4j-2.14.1.jar;C:\Users\Suporte TI - ZV\.m2\repository\org\apache\logging\log4j\log4j-api\2.14.1\log4j-api-2.14.1.jar;C:\Users\Suporte TI - ZV\.m2\repository\org\slf4j\jul-to-slf4j\1.7.31\jul-to-slf4j-1.7.31.jar;C:\Users\Suporte TI - ZV\.m2\repository\jakarta\annotation\jakarta.annotation-api\1.3.5\jakarta.annotation-api-1.3.5.jar;C:\Users\Suporte TI - ZV\.m2\repository\org\yaml\snakeyaml\1.28\snakeyaml-1.28.jar;C:\Users\Suporte TI - ZV\.m2\repository\org\springframework\boot\spring-boot-actuator-autoconfigure\2.5.2\spring-boot-actuator-autoconfigure-2.5.2.jar;C:\Users\Suporte TI - ZV\.m2\repository\org\springframework\boot\spring-boot-actuator\2.5.2\spring-boot-actuator-2.5.2.jar;C:\Users\Suporte TI - ZV\.m2\repository\com\fasterxml\jackson\core\jackson-databind\2.12.3\jackson-databind-2.12.3.jar;C:\Users\Suporte TI - ZV\.m2\repository\com\fasterxml\jackson\core\jackson-annotations\2.12.3\jackson-annotations-2.12.3.jar;C:\Users\Suporte TI - ZV\.m2\repository\com\fasterxml\jackson\core\jackson-core\2.12.3\jackson-core-2.12.3.jar;C:\Users\Suporte TI - ZV\.m2\repository\com\fasterxml\jackson\datatype\jackson-datatype-jsr310\2.12.3\jackson-datatype-jsr310-2.12.3.jar;C:\Users\Suporte TI - Z
Launcher Type: SUN_STANDARD

[Global flags]
     intx CICompilerCount                          = 3                                         {product} {ergonomic}
     uint ConcGCThreads                            = 1                                         {product} {ergonomic}
     uint G1ConcRefinementThreads                  = 4                                         {product} {ergonomic}
   size_t G1HeapRegionSize                         = 2097152                                   {product} {ergonomic}
    uintx GCDrainStackTargetSize                   = 64                                        {product} {ergonomic}
   size_t InitialHeapSize                          = 201326592                                 {product} {ergonomic}
     bool ManagementServer                         = true                                      {product} {command line}
   size_t MarkStackSize                            = 4194304                                   {product} {ergonomic}
   size_t MaxHeapSize                              = 3193962496                                {product} {ergonomic}
   size_t MaxNewSize                               = 1914699776                                {product} {ergonomic}
   size_t MinHeapDeltaBytes                        = 2097152                                   {product} {ergonomic}
   size_t MinHeapSize                              = 8388608                                   {product} {ergonomic}
    uintx NonNMethodCodeHeapSize                   = 6973028                                {pd product} {ergonomic}
    uintx NonProfiledCodeHeapSize                  = 244685212                              {pd product} {ergonomic}
    uintx ProfiledCodeHeapSize                     = 0                                      {pd product} {ergonomic}
    uintx ReservedCodeCacheSize                    = 251658240                              {pd product} {ergonomic}
     bool SegmentedCodeCache                       = true                                      {product} {ergonomic}
     bool ShowCodeDetailsInExceptionMessages       = true                                   {manageable} {command line}
   size_t SoftMaxHeapSize                          = 3193962496                             {manageable} {ergonomic}
     intx TieredStopAtLevel                        = 1                                         {product} {command line}
     bool UseCompressedClassPointers               = true                           {product lp64_product} {ergonomic}
     bool UseCompressedOops                        = true                           {product lp64_product} {ergonomic}
     bool UseG1GC                                  = true                                      {product} {ergonomic}
     bool UseLargePagesIndividualAllocation        = false                                  {pd product} {ergonomic}

Logging:
Log output configuration:
 #0: stdout all=warning uptime,level,tags
 #1: stderr all=off uptime,level,tags

Environment Variables:
PATH=C:/Users/Suporte TI - ZV/Downloads/sts-4.11.0.RELEASE//plugins/org.eclipse.justj.openjdk.hotspot.jre.full.win32.x86_64_16.0.1.v20210528-1205/jre/bin/server;C:/Users/Suporte TI - ZV/Downloads/sts-4.11.0.RELEASE//plugins/org.eclipse.justj.openjdk.hotspot.jre.full.win32.x86_64_16.0.1.v20210528-1205/jre/bin;C:\Program Files (x86)\Common Files\Oracle\Java\javapath;C:\Program Files (x86)\Nmap;C:\Program Files\Common Files\Intel\WirelessCommon\;C:\Program Files\Intel\WiFi\bin\;C:\Program Files\Microsoft SQL Server\Client SDK\ODBC\170\Tools\Binn\;C:\Users\Suporte TI - ZV\AppData\Local\Microsoft\WindowsApps;C:\Users\Suporte TI - ZV\AppData\Local\Programs\Microsoft VS Code\bin;c:\InstantClient;C:\WINDOWS\system32;C:\WINDOWS;C:\WINDOWS\System32\Wbem;C:\WINDOWS\System32\WindowsPowerShell\v1.0\;C:\WINDOWS\System32\OpenSSH\;"C:;C:\WINDOWS;C:\WINDOWS\system32";C:\Program Files\Microsoft Network Monitor 3\;C:\Android;C:\Windows\System32;C:\Program Files (x86)\Microsoft SQL Server\150\Tools\Binn\;C:\Program Files\Microsoft SQL Server\150\Tools\Binn\;C:\Program Files (x86)\Microsoft SQL Server\150\DTS\Binn\;C:\Program Files\Microsoft SQL Server\150\DTS\Binn\;C:\Program Files\Git\cmd;C:\Program Files\nodejs\;C:\Program Files\MySQL\MySQL Shell 8.0\bin\;C:\Users\Suporte TI - ZV\AppData\Local\Microsoft\WindowsApps;C:\Users\Suporte TI - ZV\AppData\Local\Programs\Microsoft VS Code\bin;C:\Program Files\Intel\WiFi\bin\;C:\Program Files\Common Files\Intel\WirelessCommon\;C:\Program Files (x86)\Nmap;;C:\Program Files\Azure Data Studio\bin;C:\Users\Suporte TI - ZV\AppData\Roaming\npm;C:\Users\Suporte TI - ZV\Downloads\sts-4.11.0.RELEASE;
USERNAME=Suporte TI - ZV
LD_LIBRARY_PATH=c:\InstantClient
OS=Windows_NT
PROCESSOR_IDENTIFIER=Intel64 Family 6 Model 142 Stepping 9, GenuineIntel



---------------  S Y S T E M  ---------------

OS:
 Windows 10 , 64 bit Build 19041 (10.0.19041.1023)
OS uptime: 2 days 16:58 hours

CPU: total 4 (initial active 4) (2 cores per cpu, 2 threads per core) family 6 model 142 stepping 9 microcode 0xb4, cx8, cmov, fxsr, ht, mmx, 3dnowpref, sse, sse2, sse3, ssse3, sse4.1, sse4.2, popcnt, lzcnt, tsc, tscinvbit, avx, avx2, aes, erms, clmul, bmi1, bmi2, adx, fma, vzeroupper, clflush, clflushopt

Memory: 4k page, system-wide physical 12177M (1364M free)
TotalPageFile size 12177M (AvailPageFile size 5M)
current process WorkingSet (physical memory assigned to process): 70M, peak: 70M
current process commit charge ("private bytes"): 278M, peak: 278M

vm_info: OpenJDK 64-Bit Server VM (16.0.1+9-24) for windows-amd64 JRE (16.0.1+9-24), built on Mar 26 2021 19:30:07 by "mach5one" with MS VC++ 16.7 (VS2019)

END.
