#
# There is insufficient memory for the Java Runtime Environment to continue.
# Native memory allocation (mmap) failed to map 65536 bytes for Failed to commit metaspace.
# Possible reasons:
#   The system is out of physical RAM or swap space
#   The process is running with CompressedOops enabled, and the Java Heap may be blocking the growth of the native heap
# Possible solutions:
#   Reduce memory load on the system
#   Increase physical memory or swap space
#   Check if swap backing store is full
#   Decrease Java heap size (-Xmx/-Xms)
#   Decrease number of Java threads
#   Decrease Java thread stack sizes (-Xss)
#   Set larger code cache with -XX:ReservedCodeCacheSize=
#   JVM is running with Zero Based Compressed Oops mode in which the Java heap is
#     placed in the first 32GB address space. The Java Heap base address is the
#     maximum limit for the native heap growth. Please use -XX:HeapBaseMinAddress
#     to set the Java Heap base and to place the Java Heap above 32GB virtual address.
# This output file may be truncated or incomplete.
#
#  Out of Memory Error (virtualSpaceNode.cpp:108), pid=9552, tid=10328
#
# JRE version: OpenJDK Runtime Environment (16.0.1+9) (build 16.0.1+9-24)
# Java VM: OpenJDK 64-Bit Server VM (16.0.1+9-24, mixed mode, tiered, compressed oops, compressed class ptrs, g1 gc, windows-amd64)
# No core dump will be written. Minidumps are not enabled by default on client versions of Windows
#

---------------  S U M M A R Y ------------

Command Line: -Dcom.sun.management.jmxremote -Dcom.sun.management.jmxremote.port=1149 -Dcom.sun.management.jmxremote.authenticate=false -Dcom.sun.management.jmxremote.ssl=false -Djava.rmi.server.hostname=localhost -Dspring.jmx.enabled=true -Dspring.application.admin.enabled=true -XX:TieredStopAtLevel=1 -Dspring.boot.project.name=Curso-JavaWeb -Dfile.encoding=UTF-8 -XX:+ShowCodeDetailsInExceptionMessages com.example.couse.CursoJavaWebApplication --spring.output.ansi.enabled=always

Host: Intel(R) Core(TM) i5-7200U CPU @ 2.50GHz, 4 cores, 11G,  Windows 10 , 64 bit Build 19041 (10.0.19041.1023)
Time: Mon Jul 12 17:40:59 2021 Hora Padrão de Buenos Aires elapsed time: 1.391813 seconds (0d 0h 0m 1s)

---------------  T H R E A D  ---------------

Current thread (0x000002a21b569f50):  JavaThread "main" [_thread_in_vm, id=10328, stack(0x000000e107900000,0x000000e107a00000)]

Stack: [0x000000e107900000,0x000000e107a00000]
Native frames: (J=compiled Java code, j=interpreted, Vv=VM code, C=native code)
V  [jvm.dll+0x6687ca]
V  [jvm.dll+0x7ca3c9]
V  [jvm.dll+0x7cbb53]
V  [jvm.dll+0x7cc1b3]
V  [jvm.dll+0x242ea5]
V  [jvm.dll+0x7c6a4b]
V  [jvm.dll+0x60e436]
V  [jvm.dll+0x1be93e]
V  [jvm.dll+0x610b91]
V  [jvm.dll+0x60ed31]
V  [jvm.dll+0x24090c]
V  [jvm.dll+0x6bf62d]
V  [jvm.dll+0x6c004f]
V  [jvm.dll+0x367673]
V  [jvm.dll+0x406cee]
V  [jvm.dll+0x412047]
C  0x000002a220bddce2

Java frames: (J=compiled Java code, j=interpreted, Vv=VM code)
j  java.lang.Class.getDeclaredConstructors0(Z)[Ljava/lang/reflect/Constructor;+0 java.base@16.0.1
j  java.lang.Class.privateGetDeclaredConstructors(Z)[Ljava/lang/reflect/Constructor;+52 java.base@16.0.1
j  java.lang.Class.getConstructor0([Ljava/lang/Class;I)Ljava/lang/reflect/Constructor;+14 java.base@16.0.1
j  java.lang.Class.getDeclaredConstructor([Ljava/lang/Class;)Ljava/lang/reflect/Constructor;+24 java.base@16.0.1
j  org.springframework.boot.SpringApplication.createSpringFactoriesInstances(Ljava/lang/Class;[Ljava/lang/Class;Ljava/lang/ClassLoader;[Ljava/lang/Object;Ljava/util/Set;)Ljava/util/List;+64
j  org.springframework.boot.SpringApplication.getSpringFactoriesInstances(Ljava/lang/Class;[Ljava/lang/Class;[Ljava/lang/Object;)Ljava/util/Collection;+29
j  org.springframework.boot.SpringApplication.getSpringFactoriesInstances(Ljava/lang/Class;)Ljava/util/Collection;+10
j  org.springframework.boot.SpringApplication.<init>(Lorg/springframework/core/io/ResourceLoader;[Ljava/lang/Class;)V+133
j  org.springframework.boot.SpringApplication.<init>([Ljava/lang/Class;)V+3
j  org.springframework.boot.SpringApplication.run([Ljava/lang/Class;[Ljava/lang/String;)Lorg/springframework/context/ConfigurableApplicationContext;+5
j  org.springframework.boot.SpringApplication.run(Ljava/lang/Class;[Ljava/lang/String;)Lorg/springframework/context/ConfigurableApplicationContext;+9
j  com.example.couse.CursoJavaWebApplication.main([Ljava/lang/String;)V+3
v  ~StubRoutines::call_stub

---------------  P R O C E S S  ---------------

Threads class SMR info:
_java_thread_list=0x000002a23a37b450, length=16, elements={
0x000002a21b569f50, 0x000002a2391fa7d0, 0x000002a2391fbf00, 0x000002a2392353c0,
0x000002a239236470, 0x000002a239236d80, 0x000002a239237690, 0x000002a239c22fe0,
0x000002a239c27db0, 0x000002a23923e800, 0x000002a239dd58c0, 0x000002a23a2ff730,
0x000002a23a30a9c0, 0x000002a23a30ef00, 0x000002a23a3ae5a0, 0x000002a23a3a5f90
}

Java Threads: ( => current thread )
=>0x000002a21b569f50 JavaThread "main" [_thread_in_vm, id=10328, stack(0x000000e107900000,0x000000e107a00000)]
  0x000002a2391fa7d0 JavaThread "Reference Handler" daemon [_thread_blocked, id=2060, stack(0x000000e108000000,0x000000e108100000)]
  0x000002a2391fbf00 JavaThread "Finalizer" daemon [_thread_blocked, id=6228, stack(0x000000e108100000,0x000000e108200000)]
  0x000002a2392353c0 JavaThread "Signal Dispatcher" daemon [_thread_blocked, id=3632, stack(0x000000e108200000,0x000000e108300000)]
  0x000002a239236470 JavaThread "Attach Listener" daemon [_thread_blocked, id=11540, stack(0x000000e108300000,0x000000e108400000)]
  0x000002a239236d80 JavaThread "Service Thread" daemon [_thread_blocked, id=9344, stack(0x000000e108400000,0x000000e108500000)]
  0x000002a239237690 JavaThread "Monitor Deflation Thread" daemon [_thread_blocked, id=14832, stack(0x000000e108500000,0x000000e108600000)]
  0x000002a239c22fe0 JavaThread "C1 CompilerThread0" daemon [_thread_blocked, id=9584, stack(0x000000e108600000,0x000000e108700000)]
  0x000002a239c27db0 JavaThread "Sweeper thread" daemon [_thread_blocked, id=4232, stack(0x000000e108700000,0x000000e108800000)]
  0x000002a23923e800 JavaThread "Common-Cleaner" daemon [_thread_blocked, id=19184, stack(0x000000e108800000,0x000000e108900000)]
  0x000002a239dd58c0 JavaThread "Notification Thread" daemon [_thread_blocked, id=11572, stack(0x000000e108900000,0x000000e108a00000)]
  0x000002a23a2ff730 JavaThread "RMI TCP Accept-0" daemon [_thread_in_native, id=18820, stack(0x000000e108b00000,0x000000e108c00000)]
  0x000002a23a30a9c0 JavaThread "RMI TCP Accept-1149" daemon [_thread_in_native, id=12676, stack(0x000000e108c00000,0x000000e108d00000)]
  0x000002a23a30ef00 JavaThread "RMI TCP Accept-0" daemon [_thread_in_native, id=17716, stack(0x000000e108d00000,0x000000e108e00000)]
  0x000002a23a3ae5a0 JavaThread "RMI TCP Connection(1)-127.0.0.1" daemon [_thread_in_native, id=17700, stack(0x000000e109400000,0x000000e109500000)]
  0x000002a23a3a5f90 JavaThread "RMI Scheduler(0)" daemon [_thread_blocked, id=9124, stack(0x000000e109500000,0x000000e109600000)]

Other Threads:
  0x000002a2391f8740 VMThread "VM Thread" [stack: 0x000000e107f00000,0x000000e108000000] [id=10064]
  0x000002a23a30f420 WatcherThread [stack: 0x000000e108e00000,0x000000e108f00000] [id=17740]
  0x000002a21d6af790 GCTaskThread "GC Thread#0" [stack: 0x000000e107a00000,0x000000e107b00000] [id=4304]
  0x000002a23a31e6d0 GCTaskThread "GC Thread#1" [stack: 0x000000e108f00000,0x000000e109000000] [id=11208]
  0x000002a23a31e9e0 GCTaskThread "GC Thread#2" [stack: 0x000000e109000000,0x000000e109100000] [id=18844]
  0x000002a23a31ecf0 GCTaskThread "GC Thread#3" [stack: 0x000000e109100000,0x000000e109200000] [id=12352]
  0x000002a21d6bcc70 ConcurrentGCThread "G1 Main Marker" [stack: 0x000000e107b00000,0x000000e107c00000] [id=19128]
  0x000002a21d6bd510 ConcurrentGCThread "G1 Conc#0" [stack: 0x000000e107c00000,0x000000e107d00000] [id=2512]
  0x000002a239060490 ConcurrentGCThread "G1 Refine#0" [stack: 0x000000e107d00000,0x000000e107e00000] [id=17088]
  0x000002a23a2fc900 ConcurrentGCThread "G1 Refine#1" [stack: 0x000000e109200000,0x000000e109300000] [id=6316]
  0x000002a23a33e040 ConcurrentGCThread "G1 Refine#2" [stack: 0x000000e109300000,0x000000e109400000] [id=10748]
  0x000002a239063370 ConcurrentGCThread "G1 Service" [stack: 0x000000e107e00000,0x000000e107f00000] [id=18860]

Threads with active compile tasks:

VM state: not at safepoint (normal execution)

VM Mutex/Monitor currently owned by a thread:  ([mutex/lock_event])
[0x000002a21d66b3a0] MetaspaceExpand_lock - owner thread: 0x000002a21b569f50

Heap address: 0x0000000741a00000, size: 3046 MB, Compressed Oops mode: Zero based, Oop shift amount: 3

CDS disabled.
Compressed class space mapped at: 0x0000000800000000-0x0000000840000000, reserved size: 1073741824
Narrow klass base: 0x0000000800000000, Narrow klass shift: 0, Narrow klass range: 0x40000000

GC Precious Log:
 CPUs: 4 total, 4 available
 Memory: 12177M
 Large Page Support: Disabled
 NUMA Support: Disabled
 Compressed Oops: Enabled (Zero based)
 Heap Region Size: 2M
 Heap Min Capacity: 8M
 Heap Initial Capacity: 192M
 Heap Max Capacity: 3046M
 Pre-touch: Disabled
 Parallel Workers: 4
 Concurrent Workers: 1
 Concurrent Refinement Workers: 4
 Periodic GC: Disabled

Heap:
 garbage-first heap   total 196608K, used 11799K [0x0000000741a00000, 0x0000000800000000)
  region size 2048K, 5 young (10240K), 1 survivors (2048K)
 Metaspace       used 14744K, committed 14912K, reserved 1064960K
  class space    used 1525K, committed 1600K, reserved 1048576K

Heap Regions: E=young(eden), S=young(survivor), O=old, HS=humongous(starts), HC=humongous(continues), CS=collection set, F=free, OA=open archive, CA=closed archive, TAMS=top-at-mark-start (previous, next)
|   0|0x0000000741a00000, 0x0000000741c00000, 0x0000000741c00000|100%| O|  |TAMS 0x0000000741a00000, 0x0000000741a00000| Untracked 
|   1|0x0000000741c00000, 0x0000000741d85e00, 0x0000000741e00000| 76%| O|  |TAMS 0x0000000741c00000, 0x0000000741c00000| Untracked 
|   2|0x0000000741e00000, 0x0000000741e00000, 0x0000000742000000|  0%| F|  |TAMS 0x0000000741e00000, 0x0000000741e00000| Untracked 
|   3|0x0000000742000000, 0x0000000742000000, 0x0000000742200000|  0%| F|  |TAMS 0x0000000742000000, 0x0000000742000000| Untracked 
|   4|0x0000000742200000, 0x0000000742200000, 0x0000000742400000|  0%| F|  |TAMS 0x0000000742200000, 0x0000000742200000| Untracked 
|   5|0x0000000742400000, 0x0000000742400000, 0x0000000742600000|  0%| F|  |TAMS 0x0000000742400000, 0x0000000742400000| Untracked 
|   6|0x0000000742600000, 0x0000000742600000, 0x0000000742800000|  0%| F|  |TAMS 0x0000000742600000, 0x0000000742600000| Untracked 
|   7|0x0000000742800000, 0x0000000742800000, 0x0000000742a00000|  0%| F|  |TAMS 0x0000000742800000, 0x0000000742800000| Untracked 
|   8|0x0000000742a00000, 0x0000000742a00000, 0x0000000742c00000|  0%| F|  |TAMS 0x0000000742a00000, 0x0000000742a00000| Untracked 
|   9|0x0000000742c00000, 0x0000000742c00000, 0x0000000742e00000|  0%| F|  |TAMS 0x0000000742c00000, 0x0000000742c00000| Untracked 
|  10|0x0000000742e00000, 0x0000000742e00000, 0x0000000743000000|  0%| F|  |TAMS 0x0000000742e00000, 0x0000000742e00000| Untracked 
|  11|0x0000000743000000, 0x0000000743000000, 0x0000000743200000|  0%| F|  |TAMS 0x0000000743000000, 0x0000000743000000| Untracked 
|  12|0x0000000743200000, 0x0000000743200000, 0x0000000743400000|  0%| F|  |TAMS 0x0000000743200000, 0x0000000743200000| Untracked 
|  13|0x0000000743400000, 0x0000000743400000, 0x0000000743600000|  0%| F|  |TAMS 0x0000000743400000, 0x0000000743400000| Untracked 
|  14|0x0000000743600000, 0x0000000743600000, 0x0000000743800000|  0%| F|  |TAMS 0x0000000743600000, 0x0000000743600000| Untracked 
|  15|0x0000000743800000, 0x0000000743800000, 0x0000000743a00000|  0%| F|  |TAMS 0x0000000743800000, 0x0000000743800000| Untracked 
|  16|0x0000000743a00000, 0x0000000743a00000, 0x0000000743c00000|  0%| F|  |TAMS 0x0000000743a00000, 0x0000000743a00000| Untracked 
|  17|0x0000000743c00000, 0x0000000743c00000, 0x0000000743e00000|  0%| F|  |TAMS 0x0000000743c00000, 0x0000000743c00000| Untracked 
|  18|0x0000000743e00000, 0x0000000743e00000, 0x0000000744000000|  0%| F|  |TAMS 0x0000000743e00000, 0x0000000743e00000| Untracked 
|  19|0x0000000744000000, 0x0000000744000000, 0x0000000744200000|  0%| F|  |TAMS 0x0000000744000000, 0x0000000744000000| Untracked 
|  20|0x0000000744200000, 0x0000000744200000, 0x0000000744400000|  0%| F|  |TAMS 0x0000000744200000, 0x0000000744200000| Untracked 
|  21|0x0000000744400000, 0x0000000744400000, 0x0000000744600000|  0%| F|  |TAMS 0x0000000744400000, 0x0000000744400000| Untracked 
|  22|0x0000000744600000, 0x0000000744600000, 0x0000000744800000|  0%| F|  |TAMS 0x0000000744600000, 0x0000000744600000| Untracked 
|  23|0x0000000744800000, 0x0000000744800000, 0x0000000744a00000|  0%| F|  |TAMS 0x0000000744800000, 0x0000000744800000| Untracked 
|  24|0x0000000744a00000, 0x0000000744a00000, 0x0000000744c00000|  0%| F|  |TAMS 0x0000000744a00000, 0x0000000744a00000| Untracked 
|  25|0x0000000744c00000, 0x0000000744c00000, 0x0000000744e00000|  0%| F|  |TAMS 0x0000000744c00000, 0x0000000744c00000| Untracked 
|  26|0x0000000744e00000, 0x0000000744e00000, 0x0000000745000000|  0%| F|  |TAMS 0x0000000744e00000, 0x0000000744e00000| Untracked 
|  27|0x0000000745000000, 0x0000000745000000, 0x0000000745200000|  0%| F|  |TAMS 0x0000000745000000, 0x0000000745000000| Untracked 
|  28|0x0000000745200000, 0x0000000745200000, 0x0000000745400000|  0%| F|  |TAMS 0x0000000745200000, 0x0000000745200000| Untracked 
|  29|0x0000000745400000, 0x0000000745400000, 0x0000000745600000|  0%| F|  |TAMS 0x0000000745400000, 0x0000000745400000| Untracked 
|  30|0x0000000745600000, 0x0000000745600000, 0x0000000745800000|  0%| F|  |TAMS 0x0000000745600000, 0x0000000745600000| Untracked 
|  31|0x0000000745800000, 0x0000000745800000, 0x0000000745a00000|  0%| F|  |TAMS 0x0000000745800000, 0x0000000745800000| Untracked 
|  32|0x0000000745a00000, 0x0000000745a00000, 0x0000000745c00000|  0%| F|  |TAMS 0x0000000745a00000, 0x0000000745a00000| Untracked 
|  33|0x0000000745c00000, 0x0000000745c00000, 0x0000000745e00000|  0%| F|  |TAMS 0x0000000745c00000, 0x0000000745c00000| Untracked 
|  34|0x0000000745e00000, 0x0000000745e00000, 0x0000000746000000|  0%| F|  |TAMS 0x0000000745e00000, 0x0000000745e00000| Untracked 
|  35|0x0000000746000000, 0x0000000746000000, 0x0000000746200000|  0%| F|  |TAMS 0x0000000746000000, 0x0000000746000000| Untracked 
|  36|0x0000000746200000, 0x0000000746200000, 0x0000000746400000|  0%| F|  |TAMS 0x0000000746200000, 0x0000000746200000| Untracked 
|  37|0x0000000746400000, 0x0000000746400000, 0x0000000746600000|  0%| F|  |TAMS 0x0000000746400000, 0x0000000746400000| Untracked 
|  38|0x0000000746600000, 0x0000000746600000, 0x0000000746800000|  0%| F|  |TAMS 0x0000000746600000, 0x0000000746600000| Untracked 
|  39|0x0000000746800000, 0x0000000746800000, 0x0000000746a00000|  0%| F|  |TAMS 0x0000000746800000, 0x0000000746800000| Untracked 
|  40|0x0000000746a00000, 0x0000000746a00000, 0x0000000746c00000|  0%| F|  |TAMS 0x0000000746a00000, 0x0000000746a00000| Untracked 
|  41|0x0000000746c00000, 0x0000000746c00000, 0x0000000746e00000|  0%| F|  |TAMS 0x0000000746c00000, 0x0000000746c00000| Untracked 
|  42|0x0000000746e00000, 0x0000000746e00000, 0x0000000747000000|  0%| F|  |TAMS 0x0000000746e00000, 0x0000000746e00000| Untracked 
|  43|0x0000000747000000, 0x0000000747000000, 0x0000000747200000|  0%| F|  |TAMS 0x0000000747000000, 0x0000000747000000| Untracked 
|  44|0x0000000747200000, 0x0000000747200000, 0x0000000747400000|  0%| F|  |TAMS 0x0000000747200000, 0x0000000747200000| Untracked 
|  45|0x0000000747400000, 0x0000000747400000, 0x0000000747600000|  0%| F|  |TAMS 0x0000000747400000, 0x0000000747400000| Untracked 
|  46|0x0000000747600000, 0x0000000747600000, 0x0000000747800000|  0%| F|  |TAMS 0x0000000747600000, 0x0000000747600000| Untracked 
|  47|0x0000000747800000, 0x0000000747800000, 0x0000000747a00000|  0%| F|  |TAMS 0x0000000747800000, 0x0000000747800000| Untracked 
|  48|0x0000000747a00000, 0x0000000747a00000, 0x0000000747c00000|  0%| F|  |TAMS 0x0000000747a00000, 0x0000000747a00000| Untracked 
|  49|0x0000000747c00000, 0x0000000747c00000, 0x0000000747e00000|  0%| F|  |TAMS 0x0000000747c00000, 0x0000000747c00000| Untracked 
|  50|0x0000000747e00000, 0x0000000747e00000, 0x0000000748000000|  0%| F|  |TAMS 0x0000000747e00000, 0x0000000747e00000| Untracked 
|  51|0x0000000748000000, 0x0000000748000000, 0x0000000748200000|  0%| F|  |TAMS 0x0000000748000000, 0x0000000748000000| Untracked 
|  52|0x0000000748200000, 0x0000000748200000, 0x0000000748400000|  0%| F|  |TAMS 0x0000000748200000, 0x0000000748200000| Untracked 
|  53|0x0000000748400000, 0x0000000748400000, 0x0000000748600000|  0%| F|  |TAMS 0x0000000748400000, 0x0000000748400000| Untracked 
|  54|0x0000000748600000, 0x0000000748600000, 0x0000000748800000|  0%| F|  |TAMS 0x0000000748600000, 0x0000000748600000| Untracked 
|  55|0x0000000748800000, 0x0000000748800000, 0x0000000748a00000|  0%| F|  |TAMS 0x0000000748800000, 0x0000000748800000| Untracked 
|  56|0x0000000748a00000, 0x0000000748a00000, 0x0000000748c00000|  0%| F|  |TAMS 0x0000000748a00000, 0x0000000748a00000| Untracked 
|  57|0x0000000748c00000, 0x0000000748c00000, 0x0000000748e00000|  0%| F|  |TAMS 0x0000000748c00000, 0x0000000748c00000| Untracked 
|  58|0x0000000748e00000, 0x0000000748e00000, 0x0000000749000000|  0%| F|  |TAMS 0x0000000748e00000, 0x0000000748e00000| Untracked 
|  59|0x0000000749000000, 0x0000000749000000, 0x0000000749200000|  0%| F|  |TAMS 0x0000000749000000, 0x0000000749000000| Untracked 
|  60|0x0000000749200000, 0x0000000749200000, 0x0000000749400000|  0%| F|  |TAMS 0x0000000749200000, 0x0000000749200000| Untracked 
|  61|0x0000000749400000, 0x0000000749400000, 0x0000000749600000|  0%| F|  |TAMS 0x0000000749400000, 0x0000000749400000| Untracked 
|  62|0x0000000749600000, 0x0000000749600000, 0x0000000749800000|  0%| F|  |TAMS 0x0000000749600000, 0x0000000749600000| Untracked 
|  63|0x0000000749800000, 0x0000000749800000, 0x0000000749a00000|  0%| F|  |TAMS 0x0000000749800000, 0x0000000749800000| Untracked 
|  64|0x0000000749a00000, 0x0000000749a00000, 0x0000000749c00000|  0%| F|  |TAMS 0x0000000749a00000, 0x0000000749a00000| Untracked 
|  65|0x0000000749c00000, 0x0000000749c00000, 0x0000000749e00000|  0%| F|  |TAMS 0x0000000749c00000, 0x0000000749c00000| Untracked 
|  66|0x0000000749e00000, 0x0000000749e00000, 0x000000074a000000|  0%| F|  |TAMS 0x0000000749e00000, 0x0000000749e00000| Untracked 
|  67|0x000000074a000000, 0x000000074a000000, 0x000000074a200000|  0%| F|  |TAMS 0x000000074a000000, 0x000000074a000000| Untracked 
|  68|0x000000074a200000, 0x000000074a200000, 0x000000074a400000|  0%| F|  |TAMS 0x000000074a200000, 0x000000074a200000| Untracked 
|  69|0x000000074a400000, 0x000000074a400000, 0x000000074a600000|  0%| F|  |TAMS 0x000000074a400000, 0x000000074a400000| Untracked 
|  70|0x000000074a600000, 0x000000074a600000, 0x000000074a800000|  0%| F|  |TAMS 0x000000074a600000, 0x000000074a600000| Untracked 
|  71|0x000000074a800000, 0x000000074a800000, 0x000000074aa00000|  0%| F|  |TAMS 0x000000074a800000, 0x000000074a800000| Untracked 
|  72|0x000000074aa00000, 0x000000074aa00000, 0x000000074ac00000|  0%| F|  |TAMS 0x000000074aa00000, 0x000000074aa00000| Untracked 
|  73|0x000000074ac00000, 0x000000074ac00000, 0x000000074ae00000|  0%| F|  |TAMS 0x000000074ac00000, 0x000000074ac00000| Untracked 
|  74|0x000000074ae00000, 0x000000074ae00000, 0x000000074b000000|  0%| F|  |TAMS 0x000000074ae00000, 0x000000074ae00000| Untracked 
|  75|0x000000074b000000, 0x000000074b000000, 0x000000074b200000|  0%| F|  |TAMS 0x000000074b000000, 0x000000074b000000| Untracked 
|  76|0x000000074b200000, 0x000000074b200000, 0x000000074b400000|  0%| F|  |TAMS 0x000000074b200000, 0x000000074b200000| Untracked 
|  77|0x000000074b400000, 0x000000074b400000, 0x000000074b600000|  0%| F|  |TAMS 0x000000074b400000, 0x000000074b400000| Untracked 
|  78|0x000000074b600000, 0x000000074b600000, 0x000000074b800000|  0%| F|  |TAMS 0x000000074b600000, 0x000000074b600000| Untracked 
|  79|0x000000074b800000, 0x000000074b800000, 0x000000074ba00000|  0%| F|  |TAMS 0x000000074b800000, 0x000000074b800000| Untracked 
|  80|0x000000074ba00000, 0x000000074ba00000, 0x000000074bc00000|  0%| F|  |TAMS 0x000000074ba00000, 0x000000074ba00000| Untracked 
|  81|0x000000074bc00000, 0x000000074bc00000, 0x000000074be00000|  0%| F|  |TAMS 0x000000074bc00000, 0x000000074bc00000| Untracked 
|  82|0x000000074be00000, 0x000000074be00000, 0x000000074c000000|  0%| F|  |TAMS 0x000000074be00000, 0x000000074be00000| Untracked 
|  83|0x000000074c000000, 0x000000074c000000, 0x000000074c200000|  0%| F|  |TAMS 0x000000074c000000, 0x000000074c000000| Untracked 
|  84|0x000000074c200000, 0x000000074c200000, 0x000000074c400000|  0%| F|  |TAMS 0x000000074c200000, 0x000000074c200000| Untracked 
|  85|0x000000074c400000, 0x000000074c400000, 0x000000074c600000|  0%| F|  |TAMS 0x000000074c400000, 0x000000074c400000| Untracked 
|  86|0x000000074c600000, 0x000000074c600000, 0x000000074c800000|  0%| F|  |TAMS 0x000000074c600000, 0x000000074c600000| Untracked 
|  87|0x000000074c800000, 0x000000074c800000, 0x000000074ca00000|  0%| F|  |TAMS 0x000000074c800000, 0x000000074c800000| Untracked 
|  88|0x000000074ca00000, 0x000000074ca00000, 0x000000074cc00000|  0%| F|  |TAMS 0x000000074ca00000, 0x000000074ca00000| Untracked 
|  89|0x000000074cc00000, 0x000000074ce00000, 0x000000074ce00000|100%| S|CS|TAMS 0x000000074cc00000, 0x000000074cc00000| Complete 
|  90|0x000000074ce00000, 0x000000074ce00000, 0x000000074d000000|  0%| F|  |TAMS 0x000000074ce00000, 0x000000074ce00000| Untracked 
|  91|0x000000074d000000, 0x000000074d000000, 0x000000074d200000|  0%| F|  |TAMS 0x000000074d000000, 0x000000074d000000| Untracked 
|  92|0x000000074d200000, 0x000000074d3e2c88, 0x000000074d400000| 94%| E|  |TAMS 0x000000074d200000, 0x000000074d200000| Complete 
|  93|0x000000074d400000, 0x000000074d600000, 0x000000074d600000|100%| E|CS|TAMS 0x000000074d400000, 0x000000074d400000| Complete 
|  94|0x000000074d600000, 0x000000074d800000, 0x000000074d800000|100%| E|CS|TAMS 0x000000074d600000, 0x000000074d600000| Complete 
|  95|0x000000074d800000, 0x000000074da00000, 0x000000074da00000|100%| E|CS|TAMS 0x000000074d800000, 0x000000074d800000| Complete 

Card table byte_map: [0x000002a2301d0000,0x000002a2307d0000] _byte_map_base: 0x000002a22c7c3000

Marking Bits (Prev, Next): (CMBitMap*) 0x000002a21d6afc30, (CMBitMap*) 0x000002a21d6afc70
 Prev Bits: [0x000002a230dd0000, 0x000002a233d68000)
 Next Bits: [0x000002a233d70000, 0x000002a236d08000)

Polling page: 0x000002a21b5c0000

Metaspace:

Usage:
  Non-class:     12.91 MB used.
      Class:      1.49 MB used.
       Both:     14.40 MB used.

Virtual space:
  Non-class space:       16.00 MB reserved,      13.00 MB ( 81%) committed,  2 nodes.
      Class space:        1.00 GB reserved,       1.56 MB ( <1%) committed,  1 nodes.
              Both:        1.02 GB reserved,      14.56 MB (  1%) committed. 

Chunk freelists:
   Non-Class:  2.36 MB
       Class:  2.45 MB
        Both:  4.81 MB

MaxMetaspaceSize: 17179869184.00 GB
CompressedClassSpaceSize: 1.00 GB
 - commit_granule_bytes: 65536.
 - commit_granule_words: 8192.
 - virtual_space_node_default_size: 1048576.
 - enlarge_chunks_in_place: 1.
 - new_chunks_are_fully_committed: 0.
 - uncommit_free_chunks: 1.
 - use_allocation_guard: 0.
 - handle_deallocations: 1.


Internal statistics:

num_allocs_failed_limit: 0.
num_arena_births: 122.
num_arena_deaths: 0.
num_vsnodes_births: 3.
num_vsnodes_deaths: 0.
num_space_committed: 233.
num_space_uncommitted: 0.
num_chunks_returned_to_freelist: 0.
num_chunks_taken_from_freelist: 232.
num_chunk_merges: 0.
num_chunk_splits: 136.
num_chunks_enlarged: 89.
num_purges: 0.

CodeHeap 'non-profiled nmethods': size=238912Kb used=1704Kb max_used=1704Kb free=237207Kb
 bounds [0x000002a221280000, 0x000002a2214f0000, 0x000002a22fbd0000]
CodeHeap 'non-nmethods': size=6848Kb used=1154Kb max_used=1154Kb free=5693Kb
 bounds [0x000002a220bd0000, 0x000002a220e40000, 0x000002a221280000]
 total_blobs=1630 nmethods=1187 adapters=371
 compilation: enabled
              stopped_count=0, restarted_count=0
 full_count=0

Compilation events (20 events):
Event: 1.335 Thread 0x000002a239c22fe0 nmethod 1175 0x000002a221423410 code [0x000002a2214235a0, 0x000002a221423718]
Event: 1.335 Thread 0x000002a239c22fe0 1176       1       java.lang.ref.ReferenceQueue$Lock::<init> (5 bytes)
Event: 1.335 Thread 0x000002a239c22fe0 nmethod 1176 0x000002a221423790 code [0x000002a221423920, 0x000002a2214239d8]
Event: 1.347 Thread 0x000002a239c22fe0 1177       1       java.io.WinNTFileSystem::resolve (275 bytes)
Event: 1.350 Thread 0x000002a239c22fe0 nmethod 1177 0x000002a221423a90 code [0x000002a221423da0, 0x000002a221424db8]
Event: 1.363 Thread 0x000002a239c22fe0 1178       1       sun.reflect.generics.parser.SignatureParser::skipIdentifier (67 bytes)
Event: 1.365 Thread 0x000002a239c22fe0 nmethod 1178 0x000002a221425990 code [0x000002a221425b60, 0x000002a221425d28]
Event: 1.366 Thread 0x000002a239c22fe0 1179       1       java.util.Objects::hashCode (13 bytes)
Event: 1.366 Thread 0x000002a239c22fe0 nmethod 1179 0x000002a221425e90 code [0x000002a221426040, 0x000002a221426148]
Event: 1.367 Thread 0x000002a239c22fe0 1180       1       jdk.internal.org.objectweb.asm.Frame::merge (317 bytes)
Event: 1.368 Thread 0x000002a239c22fe0 nmethod 1180 0x000002a221426210 code [0x000002a221426400, 0x000002a2214268a8]
Event: 1.382 Thread 0x000002a239c22fe0 1181       1       java.util.concurrent.atomic.AtomicInteger::get (5 bytes)
Event: 1.382 Thread 0x000002a239c22fe0 nmethod 1181 0x000002a221426a90 code [0x000002a221426c20, 0x000002a221426cf8]
Event: 1.384 Thread 0x000002a239c22fe0 1182       1       java.io.File::<init> (111 bytes)
Event: 1.385 Thread 0x000002a239c22fe0 nmethod 1182 0x000002a221426d90 code [0x000002a221426fe0, 0x000002a221427568]
Event: 1.385 Thread 0x000002a239c22fe0 1183   !   1       jdk.internal.loader.URLClassPath$FileLoader::getResource (164 bytes)
Event: 1.386 Thread 0x000002a239c22fe0 nmethod 1183 0x000002a221427810 code [0x000002a221427ac0, 0x000002a221428428]
Event: 1.388 Thread 0x000002a239c22fe0 1184       1       java.security.CodeSource::matchCerts (254 bytes)
Event: 1.389 Thread 0x000002a239c22fe0 nmethod 1184 0x000002a221428b10 code [0x000002a221428d20, 0x000002a221429278]
Event: 1.389 Thread 0x000002a239c22fe0 1185       1       java.lang.Class::newReflectionData (66 bytes)

GC Heap History (2 events):
Event: 0.932 GC heap before
{Heap before GC invocations=0 (full 0):
 garbage-first heap   total 196608K, used 10240K [0x0000000741a00000, 0x0000000800000000)
  region size 2048K, 6 young (12288K), 0 survivors (0K)
 Metaspace       used 12175K, committed 12416K, reserved 1064960K
  class space    used 1227K, committed 1344K, reserved 1048576K
}
Event: 0.937 GC heap after
{Heap after GC invocations=1 (full 0):
 garbage-first heap   total 196608K, used 5655K [0x0000000741a00000, 0x0000000800000000)
  region size 2048K, 1 young (2048K), 1 survivors (2048K)
 Metaspace       used 12175K, committed 12416K, reserved 1064960K
  class space    used 1227K, committed 1344K, reserved 1048576K
}

Deoptimization events (0 events):
No events

Classes unloaded (0 events):
No events

Classes redefined (0 events):
No events

Internal exceptions (20 events):
Event: 0.334 Thread 0x000002a21b569f50 Exception <a 'java/lang/NoSuchMethodError'{0x000000074d9c04e0}: 'void java.lang.invoke.DirectMethodHandle$Holder.invokeSpecial(java.lang.Object, java.lang.Object, java.lang.Object)'> (0x000000074d9c04e0) 
thrown [t:\workspace\open\src\hotspot\share\interpreter\linkResolver.cpp, line 790]
Event: 0.586 Thread 0x000002a21b569f50 Exception <a 'java/lang/NoSuchMethodError'{0x000000074d26a1d0}: 'java.lang.Object java.lang.invoke.DirectMethodHandle$Holder.invokeStatic(java.lang.Object)'> (0x000000074d26a1d0) 
thrown [t:\workspace\open\src\hotspot\share\interpreter\linkResolver.cpp, line 790]
Event: 0.586 Thread 0x000002a21b569f50 Exception <a 'java/lang/NoSuchMethodError'{0x000000074d26d920}: 'java.lang.Object java.lang.invoke.DirectMethodHandle$Holder.invokeStaticInit(java.lang.Object)'> (0x000000074d26d920) 
thrown [t:\workspace\open\src\hotspot\share\interpreter\linkResolver.cpp, line 790]
Event: 0.615 Thread 0x000002a21b569f50 Exception <a 'java/lang/NoSuchMethodError'{0x000000074d2918c8}: 'java.lang.Object java.lang.invoke.DirectMethodHandle$Holder.invokeInterface(java.lang.Object, java.lang.Object)'> (0x000000074d2918c8) 
thrown [t:\workspace\open\src\hotspot\share\interpreter\linkResolver.cpp, line 790]
Event: 0.616 Thread 0x000002a21b569f50 Exception <a 'java/lang/NoSuchMethodError'{0x000000074d299cd8}: 'java.lang.Object java.lang.invoke.DirectMethodHandle$Holder.invokeStaticInit(java.lang.Object, java.lang.Object, java.lang.Object)'> (0x000000074d299cd8) 
thrown [t:\workspace\open\src\hotspot\share\interpreter\linkResolver.cpp, line 790]
Event: 0.619 Thread 0x000002a21b569f50 Exception <a 'java/lang/NoSuchMethodError'{0x000000074d2b7090}: 'int java.lang.invoke.DirectMethodHandle$Holder.invokeInterface(java.lang.Object, java.lang.Object)'> (0x000000074d2b7090) 
thrown [t:\workspace\open\src\hotspot\share\interpreter\linkResolver.cpp, line 790]
Event: 0.619 Thread 0x000002a21b569f50 Exception <a 'java/lang/IncompatibleClassChangeError'{0x000000074d2ba888}: Found class java.lang.Object, but interface was expected> (0x000000074d2ba888) 
thrown [t:\workspace\open\src\hotspot\share\interpreter\linkResolver.cpp, line 857]
Event: 0.620 Thread 0x000002a21b569f50 Exception <a 'java/lang/NoSuchMethodError'{0x000000074d2c0928}: 'void java.lang.invoke.DirectMethodHandle$Holder.invokeStatic(java.lang.Object, java.lang.Object)'> (0x000000074d2c0928) 
thrown [t:\workspace\open\src\hotspot\share\interpreter\linkResolver.cpp, line 790]
Event: 0.686 Thread 0x000002a21b569f50 Exception <a 'java/lang/NoSuchMethodError'{0x000000074d390390}: 'int java.lang.invoke.DirectMethodHandle$Holder.invokeSpecial(java.lang.Object, java.lang.Object, java.lang.Object)'> (0x000000074d390390) 
thrown [t:\workspace\open\src\hotspot\share\interpreter\linkResolver.cpp, line 790]
Event: 0.738 Thread 0x000002a21b569f50 Exception <a 'java/lang/NoSuchMethodError'{0x000000074d0626d8}: 'void java.lang.invoke.DirectMethodHandle$Holder.invokeStatic(java.lang.Object, java.lang.Object, java.lang.Object)'> (0x000000074d0626d8) 
thrown [t:\workspace\open\src\hotspot\share\interpreter\linkResolver.cpp, line 790]
Event: 0.774 Thread 0x000002a21b569f50 Exception <a 'java/lang/NoSuchMethodError'{0x000000074d0c22a8}: 'int java.lang.invoke.DirectMethodHandle$Holder.invokeSpecialIFC(java.lang.Object, java.lang.Object, java.lang.Object)'> (0x000000074d0c22a8) 
thrown [t:\workspace\open\src\hotspot\share\interpreter\linkResolver.cpp, line 790]
Event: 0.802 Thread 0x000002a21b569f50 Exception <a 'java/lang/NoSuchMethodError'{0x000000074d139480}: 'java.lang.Object java.lang.invoke.DirectMethodHandle$Holder.invokeStaticInit(java.lang.Object, int, int, int, int)'> (0x000000074d139480) 
thrown [t:\workspace\open\src\hotspot\share\interpreter\linkResolver.cpp, line 790]
Event: 0.848 Thread 0x000002a21b569f50 Exception <a 'java/lang/NoSuchMethodError'{0x000000074ce00350}: 'java.lang.Object java.lang.invoke.DirectMethodHandle$Holder.invokeStaticInit(java.lang.Object, java.lang.Object, int, int, int, int)'> (0x000000074ce00350) 
thrown [t:\workspace\open\src\hotspot\share\interpreter\linkResolver.cpp, line 790]
Event: 0.861 Thread 0x000002a21b569f50 Exception <a 'java/lang/ClassNotFoundException'{0x000000074ce1c478}: javax/management/remote/rmi/RMIServerImpl_Skel> (0x000000074ce1c478) 
thrown [t:\workspace\open\src\hotspot\share\classfile\systemDictionary.cpp, line 256]
Event: 0.919 Thread 0x000002a21b569f50 Exception <a 'java/lang/ClassNotFoundException'{0x000000074cf63ab8}: jdk/internal/agent/resources/spi/agentProvider> (0x000000074cf63ab8) 
thrown [t:\workspace\open\src\hotspot\share\classfile\systemDictionary.cpp, line 256]
Event: 1.026 Thread 0x000002a21b569f50 Exception <a 'java/lang/ClassNotFoundException'{0x000000074d61f370}: javax/smartcardio/CardPermission> (0x000000074d61f370) 
thrown [t:\workspace\open\src\hotspot\share\classfile\systemDictionary.cpp, line 256]
Event: 1.029 Thread 0x000002a21b569f50 Exception <a 'java/io/FileNotFoundException'{0x000000074d62eb00}> (0x000000074d62eb00) 
thrown [t:\workspace\open\src\hotspot\share\prims\jni.cpp, line 579]
Event: 1.166 Thread 0x000002a21b569f50 Exception <a 'java/lang/NoSuchMethodError'{0x000000074d238108}: 'java.lang.Object java.lang.invoke.DirectMethodHandle$Holder.invokeSpecialIFC(java.lang.Object, java.lang.Object, java.lang.Object, java.lang.Object)'> (0x000000074d238108) 
thrown [t:\workspace\open\src\hotspot\share\interpreter\linkResolver.cpp, line 790]
Event: 1.178 Thread 0x000002a21b569f50 Exception <a 'java/lang/NoSuchMethodError'{0x000000074d2764e8}: 'int java.lang.invoke.DirectMethodHandle$Holder.invokeVirtual(java.lang.Object, java.lang.Object, java.lang.Object)'> (0x000000074d2764e8) 
thrown [t:\workspace\open\src\hotspot\share\interpreter\linkResolver.cpp, line 790]
Event: 1.199 Thread 0x000002a21b569f50 Exception <a 'java/lang/NoSuchMethodError'{0x000000074d2e9d60}: 'int java.lang.invoke.DirectMethodHandle$Holder.invokeStaticInit(java.lang.Object, java.lang.Object)'> (0x000000074d2e9d60) 
thrown [t:\workspace\open\src\hotspot\share\interpreter\linkResolver.cpp, line 790]

Events (20 events):
Event: 1.165 loading class java/util/stream/ReferencePipeline$StatefulOp done
Event: 1.165 loading class java/util/stream/DistinctOps$1 done
Event: 1.166 loading class java/util/stream/DistinctOps$1$2
Event: 1.166 loading class java/util/stream/DistinctOps$1$2 done
Event: 1.169 loading class java/lang/invoke/DirectMethodHandle$Special
Event: 1.169 loading class java/lang/invoke/DirectMethodHandle$Special done
Event: 1.185 loading class java/lang/reflect/InvocationTargetException
Event: 1.185 loading class java/lang/reflect/InvocationTargetException done
Event: 1.195 loading class java/util/AbstractMap$1
Event: 1.195 loading class java/util/AbstractMap$1 done
Event: 1.195 loading class java/lang/Byte$ByteCache
Event: 1.195 loading class java/lang/Byte$ByteCache done
Event: 1.195 loading class java/lang/Short$ShortCache
Event: 1.195 loading class java/lang/Short$ShortCache done
Event: 1.197 loading class java/lang/reflect/UndeclaredThrowableException
Event: 1.197 loading class java/lang/reflect/UndeclaredThrowableException done
Event: 1.365 loading class java/lang/FunctionalInterface
Event: 1.366 loading class java/lang/FunctionalInterface done
Event: 1.380 loading class java/util/NoSuchElementException
Event: 1.380 loading class java/util/NoSuchElementException done


Dynamic libraries:
0x00007ff77a090000 - 0x00007ff77a09e000 	C:\Users\Suporte TI - ZV\Downloads\sts-4.11.0.RELEASE\plugins\org.eclipse.justj.openjdk.hotspot.jre.full.win32.x86_64_16.0.1.v20210528-1205\jre\bin\javaw.exe
0x00007ffaccbd0000 - 0x00007ffaccdc5000 	C:\WINDOWS\SYSTEM32\ntdll.dll
0x00007ffacaca0000 - 0x00007ffacad5d000 	C:\WINDOWS\System32\KERNEL32.DLL
0x00007ffaca560000 - 0x00007ffaca829000 	C:\WINDOWS\System32\KERNELBASE.dll
0x00007ffaca310000 - 0x00007ffaca410000 	C:\WINDOWS\System32\ucrtbase.dll
0x00007ffac76e0000 - 0x00007ffac76f8000 	C:\Users\Suporte TI - ZV\Downloads\sts-4.11.0.RELEASE\plugins\org.eclipse.justj.openjdk.hotspot.jre.full.win32.x86_64_16.0.1.v20210528-1205\jre\bin\jli.dll
0x00007ffacbc70000 - 0x00007ffacbe10000 	C:\WINDOWS\System32\USER32.dll
0x00007ffaca830000 - 0x00007ffaca852000 	C:\WINDOWS\System32\win32u.dll
0x00007ffacc000000 - 0x00007ffacc02a000 	C:\WINDOWS\System32\GDI32.dll
0x00007ffacab00000 - 0x00007ffacac0b000 	C:\WINDOWS\System32\gdi32full.dll
0x00007ffaca470000 - 0x00007ffaca50d000 	C:\WINDOWS\System32\msvcp_win.dll
0x00007ffac5090000 - 0x00007ffac50a9000 	C:\Users\Suporte TI - ZV\Downloads\sts-4.11.0.RELEASE\plugins\org.eclipse.justj.openjdk.hotspot.jre.full.win32.x86_64_16.0.1.v20210528-1205\jre\bin\VCRUNTIME140.dll
0x00007ffaab620000 - 0x00007ffaab8ba000 	C:\WINDOWS\WinSxS\amd64_microsoft.windows.common-controls_6595b64144ccf1df_6.0.19041.1083_none_60bbe31371f34e71\COMCTL32.dll
0x00007ffacc900000 - 0x00007ffacc99e000 	C:\WINDOWS\System32\msvcrt.dll
0x00007ffacb5a0000 - 0x00007ffacb5d0000 	C:\WINDOWS\System32\IMM32.DLL
0x00007ffac76d0000 - 0x00007ffac76dc000 	C:\Users\Suporte TI - ZV\Downloads\sts-4.11.0.RELEASE\plugins\org.eclipse.justj.openjdk.hotspot.jre.full.win32.x86_64_16.0.1.v20210528-1205\jre\bin\vcruntime140_1.dll
0x00007ffaaa220000 - 0x00007ffaaa2b1000 	C:\Users\Suporte TI - ZV\Downloads\sts-4.11.0.RELEASE\plugins\org.eclipse.justj.openjdk.hotspot.jre.full.win32.x86_64_16.0.1.v20210528-1205\jre\bin\msvcp140.dll
0x00007ffa4c5e0000 - 0x00007ffa4d18b000 	C:\Users\Suporte TI - ZV\Downloads\sts-4.11.0.RELEASE\plugins\org.eclipse.justj.openjdk.hotspot.jre.full.win32.x86_64_16.0.1.v20210528-1205\jre\bin\server\jvm.dll
0x00007ffacc9a0000 - 0x00007ffacca4c000 	C:\WINDOWS\System32\ADVAPI32.dll
0x00007ffacbf50000 - 0x00007ffacbfeb000 	C:\WINDOWS\System32\sechost.dll
0x00007ffacbad0000 - 0x00007ffacbbfa000 	C:\WINDOWS\System32\RPCRT4.dll
0x00007ffacb590000 - 0x00007ffacb598000 	C:\WINDOWS\System32\PSAPI.DLL
0x00007ffab1280000 - 0x00007ffab1289000 	C:\WINDOWS\SYSTEM32\WSOCK32.dll
0x00007ffacbc00000 - 0x00007ffacbc6b000 	C:\WINDOWS\System32\WS2_32.dll
0x00007ffab37c0000 - 0x00007ffab37e7000 	C:\WINDOWS\SYSTEM32\WINMM.dll
0x00007ffac49b0000 - 0x00007ffac49ba000 	C:\WINDOWS\SYSTEM32\VERSION.dll
0x00007ffac8240000 - 0x00007ffac8252000 	C:\WINDOWS\SYSTEM32\kernel.appcore.dll
0x00007ffac7730000 - 0x00007ffac773a000 	C:\Users\Suporte TI - ZV\Downloads\sts-4.11.0.RELEASE\plugins\org.eclipse.justj.openjdk.hotspot.jre.full.win32.x86_64_16.0.1.v20210528-1205\jre\bin\jimage.dll
0x00007ffab39e0000 - 0x00007ffab3bc4000 	C:\WINDOWS\SYSTEM32\DBGHELP.DLL
0x00007ffaaff90000 - 0x00007ffaaffbc000 	C:\WINDOWS\SYSTEM32\dbgcore.DLL
0x00007ffaca910000 - 0x00007ffaca993000 	C:\WINDOWS\System32\bcryptPrimitives.dll
0x00007ffa9f290000 - 0x00007ffa9f2b5000 	C:\Users\Suporte TI - ZV\Downloads\sts-4.11.0.RELEASE\plugins\org.eclipse.justj.openjdk.hotspot.jre.full.win32.x86_64_16.0.1.v20210528-1205\jre\bin\java.dll
0x00007ffab9830000 - 0x00007ffab9848000 	C:\Users\Suporte TI - ZV\Downloads\sts-4.11.0.RELEASE\plugins\org.eclipse.justj.openjdk.hotspot.jre.full.win32.x86_64_16.0.1.v20210528-1205\jre\bin\zip.dll
0x00007ffacae50000 - 0x00007ffacb58f000 	C:\WINDOWS\System32\SHELL32.dll
0x00007ffac8440000 - 0x00007ffac8bd1000 	C:\WINDOWS\SYSTEM32\windows.storage.dll
0x00007ffacb710000 - 0x00007ffacba65000 	C:\WINDOWS\System32\combase.dll
0x00007ffac9d80000 - 0x00007ffac9dac000 	C:\WINDOWS\SYSTEM32\Wldp.dll
0x00007ffacc0b0000 - 0x00007ffacc15e000 	C:\WINDOWS\System32\SHCORE.dll
0x00007ffacba70000 - 0x00007ffacbac5000 	C:\WINDOWS\System32\shlwapi.dll
0x00007ffaca250000 - 0x00007ffaca26f000 	C:\WINDOWS\SYSTEM32\profapi.dll
0x00007ffaad420000 - 0x00007ffaad439000 	C:\Users\Suporte TI - ZV\Downloads\sts-4.11.0.RELEASE\plugins\org.eclipse.justj.openjdk.hotspot.jre.full.win32.x86_64_16.0.1.v20210528-1205\jre\bin\net.dll
0x00007ffac1cb0000 - 0x00007ffac1dba000 	C:\WINDOWS\SYSTEM32\WINHTTP.dll
0x00007ffac9ae0000 - 0x00007ffac9b4a000 	C:\WINDOWS\system32\mswsock.dll
0x00007ffaa8f90000 - 0x00007ffaa8fa3000 	C:\Users\Suporte TI - ZV\Downloads\sts-4.11.0.RELEASE\plugins\org.eclipse.justj.openjdk.hotspot.jre.full.win32.x86_64_16.0.1.v20210528-1205\jre\bin\nio.dll
0x00007ffac52b0000 - 0x00007ffac52b9000 	C:\Users\Suporte TI - ZV\Downloads\sts-4.11.0.RELEASE\plugins\org.eclipse.justj.openjdk.hotspot.jre.full.win32.x86_64_16.0.1.v20210528-1205\jre\bin\management.dll
0x00007ffab0a30000 - 0x00007ffab0a3b000 	C:\Users\Suporte TI - ZV\Downloads\sts-4.11.0.RELEASE\plugins\org.eclipse.justj.openjdk.hotspot.jre.full.win32.x86_64_16.0.1.v20210528-1205\jre\bin\management_ext.dll
0x00007ffaa2c10000 - 0x00007ffaa2c27000 	C:\WINDOWS\system32\napinsp.dll
0x00007ffaa2a80000 - 0x00007ffaa2a9b000 	C:\WINDOWS\system32\pnrpnsp.dll
0x00007ffac73a0000 - 0x00007ffac73b5000 	C:\WINDOWS\system32\wshbth.dll
0x00007ffac5050000 - 0x00007ffac506d000 	C:\WINDOWS\system32\NLAapi.dll
0x00007ffac9780000 - 0x00007ffac97bb000 	C:\WINDOWS\SYSTEM32\IPHLPAPI.DLL
0x00007ffac9820000 - 0x00007ffac98ec000 	C:\WINDOWS\SYSTEM32\DNSAPI.dll
0x00007ffacbff0000 - 0x00007ffacbff8000 	C:\WINDOWS\System32\NSI.dll
0x00007ffaa28d0000 - 0x00007ffaa28e2000 	C:\WINDOWS\System32\winrnr.dll
0x00007ffac0b10000 - 0x00007ffac0b1a000 	C:\Windows\System32\rasadhlp.dll
0x00007ffab9780000 - 0x00007ffab97ff000 	C:\WINDOWS\System32\fwpuclnt.dll
0x00007ffacac10000 - 0x00007ffacac37000 	C:\WINDOWS\System32\bcrypt.dll
0x00007ffac9cc0000 - 0x00007ffac9cd8000 	C:\WINDOWS\SYSTEM32\CRYPTSP.dll
0x00007ffac9410000 - 0x00007ffac9444000 	C:\WINDOWS\system32\rsaenh.dll
0x00007ffaca210000 - 0x00007ffaca23e000 	C:\WINDOWS\SYSTEM32\USERENV.dll
0x00007ffac9ce0000 - 0x00007ffac9cec000 	C:\WINDOWS\SYSTEM32\CRYPTBASE.dll
0x00007ffac2e60000 - 0x00007ffac2e77000 	C:\WINDOWS\SYSTEM32\dhcpcsvc6.DLL
0x00007ffac2cd0000 - 0x00007ffac2ced000 	C:\WINDOWS\SYSTEM32\dhcpcsvc.DLL
0x00007ffac1900000 - 0x00007ffac1910000 	C:\Users\Suporte TI - ZV\Downloads\sts-4.11.0.RELEASE\plugins\org.eclipse.justj.openjdk.hotspot.jre.full.win32.x86_64_16.0.1.v20210528-1205\jre\bin\verify.dll

dbghelp: loaded successfully - version: 4.0.5 - missing functions: none
symbol engine: initialized successfully - sym options: 0x614 - pdb path: .;C:\Users\Suporte TI - ZV\Downloads\sts-4.11.0.RELEASE\plugins\org.eclipse.justj.openjdk.hotspot.jre.full.win32.x86_64_16.0.1.v20210528-1205\jre\bin;C:\WINDOWS\SYSTEM32;C:\WINDOWS\WinSxS\amd64_microsoft.windows.common-controls_6595b64144ccf1df_6.0.19041.1083_none_60bbe31371f34e71;C:\Users\Suporte TI - ZV\Downloads\sts-4.11.0.RELEASE\plugins\org.eclipse.justj.openjdk.hotspot.jre.full.win32.x86_64_16.0.1.v20210528-1205\jre\bin\server

VM Arguments:
jvm_args: -Dcom.sun.management.jmxremote -Dcom.sun.management.jmxremote.port=1149 -Dcom.sun.management.jmxremote.authenticate=false -Dcom.sun.management.jmxremote.ssl=false -Djava.rmi.server.hostname=localhost -Dspring.jmx.enabled=true -Dspring.application.admin.enabled=true -XX:TieredStopAtLevel=1 -Dspring.boot.project.name=Curso-JavaWeb -Dfile.encoding=UTF-8 -XX:+ShowCodeDetailsInExceptionMessages 
java_command: com.example.couse.CursoJavaWebApplication --spring.output.ansi.enabled=always
java_class_path (initial): C:\Users\Suporte TI - ZV\Desktop\Web-Java\Curso-JavaWeb\target\classes;C:\Users\Suporte TI - ZV\.m2\repository\org\springframework\boot\spring-boot-starter-actuator\2.5.2\spring-boot-starter-actuator-2.5.2.jar;C:\Users\Suporte TI - ZV\.m2\repository\org\springframework\boot\spring-boot-starter\2.5.2\spring-boot-starter-2.5.2.jar;C:\Users\Suporte TI - ZV\.m2\repository\org\springframework\boot\spring-boot-starter-logging\2.5.2\spring-boot-starter-logging-2.5.2.jar;C:\Users\Suporte TI - ZV\.m2\repository\ch\qos\logback\logback-classic\1.2.3\logback-classic-1.2.3.jar;C:\Users\Suporte TI - ZV\.m2\repository\ch\qos\logback\logback-core\1.2.3\logback-core-1.2.3.jar;C:\Users\Suporte TI - ZV\.m2\repository\org\apache\logging\log4j\log4j-to-slf4j\2.14.1\log4j-to-slf4j-2.14.1.jar;C:\Users\Suporte TI - ZV\.m2\repository\org\apache\logging\log4j\log4j-api\2.14.1\log4j-api-2.14.1.jar;C:\Users\Suporte TI - ZV\.m2\repository\org\slf4j\jul-to-slf4j\1.7.31\jul-to-slf4j-1.7.31.jar;C:\Users\Suporte TI - ZV\.m2\repository\jakarta\annotation\jakarta.annotation-api\1.3.5\jakarta.annotation-api-1.3.5.jar;C:\Users\Suporte TI - ZV\.m2\repository\org\yaml\snakeyaml\1.28\snakeyaml-1.28.jar;C:\Users\Suporte TI - ZV\.m2\repository\org\springframework\boot\spring-boot-actuator-autoconfigure\2.5.2\spring-boot-actuator-autoconfigure-2.5.2.jar;C:\Users\Suporte TI - ZV\.m2\repository\org\springframework\boot\spring-boot-actuator\2.5.2\spring-boot-actuator-2.5.2.jar;C:\Users\Suporte TI - ZV\.m2\repository\com\fasterxml\jackson\core\jackson-databind\2.12.3\jackson-databind-2.12.3.jar;C:\Users\Suporte TI - ZV\.m2\repository\com\fasterxml\jackson\core\jackson-annotations\2.12.3\jackson-annotations-2.12.3.jar;C:\Users\Suporte TI - ZV\.m2\repository\com\fasterxml\jackson\core\jackson-core\2.12.3\jackson-core-2.12.3.jar;C:\Users\Suporte TI - ZV\.m2\repository\com\fasterxml\jackson\datatype\jackson-datatype-jsr310\2.12.3\jackson-datatype-jsr310-2.12.3.jar;C:\Users\Suporte TI - Z
Launcher Type: SUN_STANDARD

[Global flags]
     intx CICompilerCount                          = 3                                         {product} {ergonomic}
     uint ConcGCThreads                            = 1                                         {product} {ergonomic}
     uint G1ConcRefinementThreads                  = 4                                         {product} {ergonomic}
   size_t G1HeapRegionSize                         = 2097152                                   {product} {ergonomic}
    uintx GCDrainStackTargetSize                   = 64                                        {product} {ergonomic}
   size_t InitialHeapSize                          = 201326592                                 {product} {ergonomic}
     bool ManagementServer                         = true                                      {product} {command line}
   size_t MarkStackSize                            = 4194304                                   {product} {ergonomic}
   size_t MaxHeapSize                              = 3193962496                                {product} {ergonomic}
   size_t MaxNewSize                               = 1914699776                                {product} {ergonomic}
   size_t MinHeapDeltaBytes                        = 2097152                                   {product} {ergonomic}
   size_t MinHeapSize                              = 8388608                                   {product} {ergonomic}
    uintx NonNMethodCodeHeapSize                   = 6973028                                {pd product} {ergonomic}
    uintx NonProfiledCodeHeapSize                  = 244685212                              {pd product} {ergonomic}
    uintx ProfiledCodeHeapSize                     = 0                                      {pd product} {ergonomic}
    uintx ReservedCodeCacheSize                    = 251658240                              {pd product} {ergonomic}
     bool SegmentedCodeCache                       = true                                      {product} {ergonomic}
     bool ShowCodeDetailsInExceptionMessages       = true                                   {manageable} {command line}
   size_t SoftMaxHeapSize                          = 3193962496                             {manageable} {ergonomic}
     intx TieredStopAtLevel                        = 1                                         {product} {command line}
     bool UseCompressedClassPointers               = true                           {product lp64_product} {ergonomic}
     bool UseCompressedOops                        = true                           {product lp64_product} {ergonomic}
     bool UseG1GC                                  = true                                      {product} {ergonomic}
     bool UseLargePagesIndividualAllocation        = false                                  {pd product} {ergonomic}

Logging:
Log output configuration:
 #0: stdout all=warning uptime,level,tags
 #1: stderr all=off uptime,level,tags

Environment Variables:
PATH=C:/Users/Suporte TI - ZV/Downloads/sts-4.11.0.RELEASE//plugins/org.eclipse.justj.openjdk.hotspot.jre.full.win32.x86_64_16.0.1.v20210528-1205/jre/bin/server;C:/Users/Suporte TI - ZV/Downloads/sts-4.11.0.RELEASE//plugins/org.eclipse.justj.openjdk.hotspot.jre.full.win32.x86_64_16.0.1.v20210528-1205/jre/bin;C:\Program Files (x86)\Common Files\Oracle\Java\javapath;C:\Program Files (x86)\Nmap;C:\Program Files\Common Files\Intel\WirelessCommon\;C:\Program Files\Intel\WiFi\bin\;C:\Program Files\Microsoft SQL Server\Client SDK\ODBC\170\Tools\Binn\;C:\Users\Suporte TI - ZV\AppData\Local\Microsoft\WindowsApps;C:\Users\Suporte TI - ZV\AppData\Local\Programs\Microsoft VS Code\bin;c:\InstantClient;C:\WINDOWS\system32;C:\WINDOWS;C:\WINDOWS\System32\Wbem;C:\WINDOWS\System32\WindowsPowerShell\v1.0\;C:\WINDOWS\System32\OpenSSH\;"C:;C:\WINDOWS;C:\WINDOWS\system32";C:\Program Files\Microsoft Network Monitor 3\;C:\Android;C:\Windows\System32;C:\Program Files (x86)\Microsoft SQL Server\150\Tools\Binn\;C:\Program Files\Microsoft SQL Server\150\Tools\Binn\;C:\Program Files (x86)\Microsoft SQL Server\150\DTS\Binn\;C:\Program Files\Microsoft SQL Server\150\DTS\Binn\;C:\Program Files\Git\cmd;C:\Program Files\nodejs\;C:\Program Files\MySQL\MySQL Shell 8.0\bin\;C:\Program Files\Azure Data Studio\bin;C:\Users\Suporte TI - ZV\AppData\Roaming\npm;C:\Users\Suporte TI - ZV\Downloads\sts-4.11.0.RELEASE;
USERNAME=Suporte TI - ZV
LD_LIBRARY_PATH=c:\InstantClient
OS=Windows_NT
PROCESSOR_IDENTIFIER=Intel64 Family 6 Model 142 Stepping 9, GenuineIntel



---------------  S Y S T E M  ---------------

OS:
 Windows 10 , 64 bit Build 19041 (10.0.19041.1023)
OS uptime: 1 days 5:58 hours

CPU: total 4 (initial active 4) (2 cores per cpu, 2 threads per core) family 6 model 142 stepping 9 microcode 0xb4, cx8, cmov, fxsr, ht, mmx, 3dnowpref, sse, sse2, sse3, ssse3, sse4.1, sse4.2, popcnt, lzcnt, tsc, tscinvbit, avx, avx2, aes, erms, clmul, bmi1, bmi2, adx, fma, vzeroupper, clflush, clflushopt

Memory: 4k page, system-wide physical 12177M (1276M free)
TotalPageFile size 12177M (AvailPageFile size 3M)
current process WorkingSet (physical memory assigned to process): 70M, peak: 70M
current process commit charge ("private bytes"): 278M, peak: 278M

vm_info: OpenJDK 64-Bit Server VM (16.0.1+9-24) for windows-amd64 JRE (16.0.1+9-24), built on Mar 26 2021 19:30:07 by "mach5one" with MS VC++ 16.7 (VS2019)

END.
